{
  "C:/SADULLO/RS/React-2023-q1/react-components/src/components/Header.tsx": {
    "path": "C:/SADULLO/RS/React-2023-q1/react-components/src/components/Header.tsx",
    "statementMap": {
      "0": {
        "start": {
          "line": 5,
          "column": 0
        },
        "end": {
          "line": 15,
          "column": 1
        }
      },
      "1": {
        "start": {
          "line": 6,
          "column": 2
        },
        "end": {
          "line": 8,
          "column": 3
        }
      },
      "2": {
        "start": {
          "line": 7,
          "column": 4
        },
        "end": {
          "line": 7,
          "column": 165
        }
      },
      "3": {
        "start": {
          "line": 9,
          "column": 2
        },
        "end": {
          "line": 9,
          "column": 39
        }
      },
      "4": {
        "start": {
          "line": 10,
          "column": 2
        },
        "end": {
          "line": 10,
          "column": 39
        }
      },
      "5": {
        "start": {
          "line": 11,
          "column": 2
        },
        "end": {
          "line": 13,
          "column": 4
        }
      },
      "6": {
        "start": {
          "line": 12,
          "column": 4
        },
        "end": {
          "line": 12,
          "column": 114
        }
      },
      "7": {
        "start": {
          "line": 14,
          "column": 2
        },
        "end": {
          "line": 14,
          "column": 75
        }
      },
      "8": {
        "start": {
          "line": 18,
          "column": 27
        },
        "end": {
          "line": 28,
          "column": 1
        }
      },
      "9": {
        "start": {
          "line": 21,
          "column": 18
        },
        "end": {
          "line": 21,
          "column": 20
        }
      },
      "10": {
        "start": {
          "line": 22,
          "column": 2
        },
        "end": {
          "line": 26,
          "column": 3
        }
      },
      "11": {
        "start": {
          "line": 23,
          "column": 4
        },
        "end": {
          "line": 23,
          "column": 46
        }
      },
      "12": {
        "start": {
          "line": 25,
          "column": 4
        },
        "end": {
          "line": 25,
          "column": 28
        }
      },
      "13": {
        "start": {
          "line": 27,
          "column": 2
        },
        "end": {
          "line": 27,
          "column": 19
        }
      },
      "14": {
        "start": {
          "line": 30,
          "column": 2
        },
        "end": {
          "line": 91,
          "column": 11
        }
      },
      "15": {
        "start": {
          "line": 93,
          "column": 0
        },
        "end": {
          "line": 93,
          "column": 12
        }
      },
      "16": {
        "start": {
          "line": 96,
          "column": 0
        },
        "end": {
          "line": 96,
          "column": 27
        }
      },
      "17": {
        "start": {
          "line": 97,
          "column": 0
        },
        "end": {
          "line": 113,
          "column": 1
        }
      },
      "18": {
        "start": {
          "line": 98,
          "column": 2
        },
        "end": {
          "line": 98,
          "column": 39
        }
      },
      "19": {
        "start": {
          "line": 99,
          "column": 2
        },
        "end": {
          "line": 99,
          "column": 39
        }
      },
      "20": {
        "start": {
          "line": 100,
          "column": 2
        },
        "end": {
          "line": 112,
          "column": 5
        }
      },
      "21": {
        "start": {
          "line": 104,
          "column": 4
        },
        "end": {
          "line": 104,
          "column": 140
        }
      },
      "22": {
        "start": {
          "line": 105,
          "column": 4
        },
        "end": {
          "line": 111,
          "column": 7
        }
      },
      "23": {
        "start": {
          "line": 106,
          "column": 6
        },
        "end": {
          "line": 107,
          "column": 15
        }
      },
      "24": {
        "start": {
          "line": 107,
          "column": 8
        },
        "end": {
          "line": 107,
          "column": 15
        }
      },
      "25": {
        "start": {
          "line": 108,
          "column": 32
        },
        "end": {
          "line": 108,
          "column": 115
        }
      },
      "26": {
        "start": {
          "line": 109,
          "column": 6
        },
        "end": {
          "line": 110,
          "column": 54
        }
      },
      "27": {
        "start": {
          "line": 110,
          "column": 8
        },
        "end": {
          "line": 110,
          "column": 54
        }
      }
    },
    "fnMap": {
      "0": {
        "name": "(anonymous_0)",
        "decl": {
          "start": {
            "line": 11,
            "column": 24
          },
          "end": {
            "line": 11,
            "column": 25
          }
        },
        "loc": {
          "start": {
            "line": 11,
            "column": 38
          },
          "end": {
            "line": 13,
            "column": 3
          }
        },
        "line": 11
      },
      "1": {
        "name": "(anonymous_1)",
        "decl": {
          "start": {
            "line": 18,
            "column": 27
          },
          "end": {
            "line": 18,
            "column": 28
          }
        },
        "loc": {
          "start": {
            "line": 20,
            "column": 6
          },
          "end": {
            "line": 28,
            "column": 1
          }
        },
        "line": 20
      },
      "2": {
        "name": "Header",
        "decl": {
          "start": {
            "line": 29,
            "column": 9
          },
          "end": {
            "line": 29,
            "column": 15
          }
        },
        "loc": {
          "start": {
            "line": 29,
            "column": 18
          },
          "end": {
            "line": 92,
            "column": 1
          }
        },
        "line": 29
      },
      "3": {
        "name": "(anonymous_3)",
        "decl": {
          "start": {
            "line": 103,
            "column": 9
          },
          "end": {
            "line": 103,
            "column": 10
          }
        },
        "loc": {
          "start": {
            "line": 103,
            "column": 29
          },
          "end": {
            "line": 112,
            "column": 3
          }
        },
        "line": 103
      },
      "4": {
        "name": "(anonymous_4)",
        "decl": {
          "start": {
            "line": 105,
            "column": 27
          },
          "end": {
            "line": 105,
            "column": 28
          }
        },
        "loc": {
          "start": {
            "line": 105,
            "column": 44
          },
          "end": {
            "line": 111,
            "column": 5
          }
        },
        "line": 105
      }
    },
    "branchMap": {
      "0": {
        "loc": {
          "start": {
            "line": 5,
            "column": 0
          },
          "end": {
            "line": 15,
            "column": 1
          }
        },
        "type": "if",
        "locations": [
          {
            "start": {
              "line": 5,
              "column": 0
            },
            "end": {
              "line": 15,
              "column": 1
            }
          },
          {
            "start": {},
            "end": {}
          }
        ],
        "line": 5
      },
      "1": {
        "loc": {
          "start": {
            "line": 6,
            "column": 2
          },
          "end": {
            "line": 8,
            "column": 3
          }
        },
        "type": "if",
        "locations": [
          {
            "start": {
              "line": 6,
              "column": 2
            },
            "end": {
              "line": 8,
              "column": 3
            }
          },
          {
            "start": {},
            "end": {}
          }
        ],
        "line": 6
      },
      "2": {
        "loc": {
          "start": {
            "line": 22,
            "column": 2
          },
          "end": {
            "line": 26,
            "column": 3
          }
        },
        "type": "if",
        "locations": [
          {
            "start": {
              "line": 22,
              "column": 2
            },
            "end": {
              "line": 26,
              "column": 3
            }
          },
          {
            "start": {
              "line": 24,
              "column": 9
            },
            "end": {
              "line": 26,
              "column": 3
            }
          }
        ],
        "line": 22
      },
      "3": {
        "loc": {
          "start": {
            "line": 97,
            "column": 0
          },
          "end": {
            "line": 113,
            "column": 1
          }
        },
        "type": "if",
        "locations": [
          {
            "start": {
              "line": 97,
              "column": 0
            },
            "end": {
              "line": 113,
              "column": 1
            }
          },
          {
            "start": {},
            "end": {}
          }
        ],
        "line": 97
      },
      "4": {
        "loc": {
          "start": {
            "line": 106,
            "column": 6
          },
          "end": {
            "line": 107,
            "column": 15
          }
        },
        "type": "if",
        "locations": [
          {
            "start": {
              "line": 106,
              "column": 6
            },
            "end": {
              "line": 107,
              "column": 15
            }
          },
          {
            "start": {},
            "end": {}
          }
        ],
        "line": 106
      },
      "5": {
        "loc": {
          "start": {
            "line": 109,
            "column": 6
          },
          "end": {
            "line": 110,
            "column": 54
          }
        },
        "type": "if",
        "locations": [
          {
            "start": {
              "line": 109,
              "column": 6
            },
            "end": {
              "line": 110,
              "column": 54
            }
          },
          {
            "start": {},
            "end": {}
          }
        ],
        "line": 109
      }
    },
    "s": {
      "0": 22,
      "1": 22,
      "2": 0,
      "3": 22,
      "4": 22,
      "5": 22,
      "6": 22,
      "7": 22,
      "8": 22,
      "9": 156,
      "10": 156,
      "11": 48,
      "12": 108,
      "13": 156,
      "14": 44,
      "15": 22,
      "16": 22,
      "17": 22,
      "18": 22,
      "19": 22,
      "20": 22,
      "21": 22,
      "22": 22,
      "23": 0,
      "24": 0,
      "25": 0,
      "26": 0,
      "27": 0
    },
    "f": {
      "0": 22,
      "1": 156,
      "2": 44,
      "3": 22,
      "4": 0
    },
    "b": {
      "0": [
        22,
        0
      ],
      "1": [
        0,
        22
      ],
      "2": [
        48,
        108
      ],
      "3": [
        22,
        0
      ],
      "4": [
        0,
        0
      ],
      "5": [
        0,
        0
      ]
    },
    "inputSourceMap": {
      "version": 3,
      "mappings": "AAuBY;AAvBZ,2BAAwB;AAAkB;AAAA;AAAA;AAAA;AAAA;AAAA;AAAA;AAAA;AAAA;AAAA;AAAA;AAAA;AAAA;AAAA;AAC1C,OAAOA,UAAU;AAMjB,MAAMC,qBAAqBA,CAAC;AAAA,EAAEC;AAA2B,MAAc;AACrE,MAAIC,YAAY;AAChB,MAAID,UAAU;AACZC,gBAAY;AAAA,EACd,OAAO;AACLA,gBAAY;AAAA,EACd;AACA,SAAOA;AACT;AAEA,SAASC,SAAS;AAChB,SACE,uBAAC,YAAO,WAAU,UAChB,iCAAC,SAAI,WAAU,aACb,iCAAC,SAAI,WAAU,iBACb;AAAA,2BAAC,SAAI,WAAU,QACb;AAAA,6BAAC,SAAI,QAAQ,IAAI,OAAO,IAAI,KAAKJ,MAAM,KAAI,UAA3C;AAAA;AAAA;AAAA;AAAA,aAAiD;AAAA,MACjD,uBAAC,SAAI,WAAU,iBACb;AAAA,+BAAC,QAAG,wBAAJ;AAAA;AAAA;AAAA;AAAA,eAAY;AAAA,QACZ,uBAAC,OAAE,yBAAH;AAAA;AAAA;AAAA;AAAA,eAAY;AAAA,WAFd;AAAA;AAAA;AAAA;AAAA,aAGA;AAAA,SALF;AAAA;AAAA;AAAA;AAAA,WAMA;AAAA,IACA,uBAAC,SAAI,WAAU,OACb;AAAA,6BAAC,WAAQ,IAAG,KAAI,WAAWC,oBAAoB,oBAA/C;AAAA;AAAA;AAAA;AAAA,aAEA;AAAA,MACA,uBAAC,WAAQ,IAAG,UAAS,WAAWA,oBAAoB,qBAApD;AAAA;AAAA;AAAA;AAAA,aAEA;AAAA,MACA,uBAAC,WAAQ,IAAG,UAAS,WAAWA,oBAAoB,sBAApD;AAAA;AAAA;AAAA;AAAA,aAEA;AAAA,SATF;AAAA;AAAA;AAAA;AAAA,WAUA;AAAA,OAlBF;AAAA;AAAA;AAAA;AAAA,SAmBA,KApBF;AAAA;AAAA;AAAA;AAAA,SAqBA,KAtBF;AAAA;AAAA;AAAA;AAAA,SAuBA;AAEJ;AAACI,KA3BQD;AA6BT,eAAeA;AAAO;AAAAE",
      "names": [
        "logo",
        "setActiveClassName",
        "isActive",
        "classname",
        "Header",
        "_c",
        "$RefreshReg$"
      ],
      "sources": [
        "C:/SADULLO/RS/React-2023-q1/react-components/src/components/Header.tsx"
      ],
      "file": "C:/SADULLO/RS/React-2023-q1/react-components/src/components/Header.tsx"
    },
    "_coverageSchema": "1a1c01bbd47fc00a2c39e90264f33305004495a9",
    "hash": "7e803eb06f730c103539bac987817121411876e5"
  },
  "C:/SADULLO/RS/React-2023-q1/react-components/src/redux/hooks.ts": {
    "path": "C:/SADULLO/RS/React-2023-q1/react-components/src/redux/hooks.ts",
    "statementMap": {
      "0": {
        "start": {
          "line": 2,
          "column": 30
        },
        "end": {
          "line": 2,
          "column": 41
        }
      },
      "1": {
        "start": {
          "line": 3,
          "column": 30
        },
        "end": {
          "line": 3,
          "column": 41
        }
      }
    },
    "fnMap": {},
    "branchMap": {},
    "s": {
      "0": 22,
      "1": 22
    },
    "f": {},
    "b": {},
    "inputSourceMap": {
      "version": 3,
      "sources": [
        "C:/SADULLO/RS/React-2023-q1/react-components/src/redux/hooks.ts"
      ],
      "mappings": "AAAA,SAAS,aAAa,mBAAmB;AAIlC,aAAM,iBAAoC;AAC1C,aAAM,iBAAkD;",
      "names": []
    },
    "_coverageSchema": "1a1c01bbd47fc00a2c39e90264f33305004495a9",
    "hash": "332f8da4c17bfc31e5f9b922173b651fb493f8bf"
  },
  "C:/SADULLO/RS/React-2023-q1/react-components/src/redux/searchSlice.ts": {
    "path": "C:/SADULLO/RS/React-2023-q1/react-components/src/redux/searchSlice.ts",
    "statementMap": {
      "0": {
        "start": {
          "line": 2,
          "column": 21
        },
        "end": {
          "line": 6,
          "column": 1
        }
      },
      "1": {
        "start": {
          "line": 7,
          "column": 27
        },
        "end": {
          "line": 42,
          "column": 2
        }
      },
      "2": {
        "start": {
          "line": 12,
          "column": 6
        },
        "end": {
          "line": 15,
          "column": 8
        }
      },
      "3": {
        "start": {
          "line": 18,
          "column": 6
        },
        "end": {
          "line": 21,
          "column": 8
        }
      },
      "4": {
        "start": {
          "line": 24,
          "column": 6
        },
        "end": {
          "line": 27,
          "column": 8
        }
      },
      "5": {
        "start": {
          "line": 30,
          "column": 6
        },
        "end": {
          "line": 33,
          "column": 8
        }
      },
      "6": {
        "start": {
          "line": 36,
          "column": 6
        },
        "end": {
          "line": 39,
          "column": 8
        }
      },
      "7": {
        "start": {
          "line": 43,
          "column": 83
        },
        "end": {
          "line": 43,
          "column": 102
        }
      },
      "8": {
        "start": {
          "line": 44,
          "column": 32
        },
        "end": {
          "line": 44,
          "column": 61
        }
      },
      "9": {
        "start": {
          "line": 44,
          "column": 43
        },
        "end": {
          "line": 44,
          "column": 61
        }
      },
      "10": {
        "start": {
          "line": 45,
          "column": 28
        },
        "end": {
          "line": 45,
          "column": 58
        }
      },
      "11": {
        "start": {
          "line": 45,
          "column": 39
        },
        "end": {
          "line": 45,
          "column": 58
        }
      },
      "12": {
        "start": {
          "line": 46,
          "column": 26
        },
        "end": {
          "line": 46,
          "column": 54
        }
      },
      "13": {
        "start": {
          "line": 46,
          "column": 37
        },
        "end": {
          "line": 46,
          "column": 54
        }
      },
      "14": {
        "start": {
          "line": 47,
          "column": 31
        },
        "end": {
          "line": 47,
          "column": 54
        }
      },
      "15": {
        "start": {
          "line": 47,
          "column": 42
        },
        "end": {
          "line": 47,
          "column": 54
        }
      }
    },
    "fnMap": {
      "0": {
        "name": "(anonymous_0)",
        "decl": {
          "start": {
            "line": 11,
            "column": 19
          },
          "end": {
            "line": 11,
            "column": 20
          }
        },
        "loc": {
          "start": {
            "line": 11,
            "column": 38
          },
          "end": {
            "line": 16,
            "column": 5
          }
        },
        "line": 11
      },
      "1": {
        "name": "(anonymous_1)",
        "decl": {
          "start": {
            "line": 17,
            "column": 15
          },
          "end": {
            "line": 17,
            "column": 16
          }
        },
        "loc": {
          "start": {
            "line": 17,
            "column": 34
          },
          "end": {
            "line": 22,
            "column": 5
          }
        },
        "line": 17
      },
      "2": {
        "name": "(anonymous_2)",
        "decl": {
          "start": {
            "line": 23,
            "column": 18
          },
          "end": {
            "line": 23,
            "column": 19
          }
        },
        "loc": {
          "start": {
            "line": 23,
            "column": 29
          },
          "end": {
            "line": 28,
            "column": 5
          }
        },
        "line": 23
      },
      "3": {
        "name": "(anonymous_3)",
        "decl": {
          "start": {
            "line": 29,
            "column": 18
          },
          "end": {
            "line": 29,
            "column": 19
          }
        },
        "loc": {
          "start": {
            "line": 29,
            "column": 29
          },
          "end": {
            "line": 34,
            "column": 5
          }
        },
        "line": 29
      },
      "4": {
        "name": "(anonymous_4)",
        "decl": {
          "start": {
            "line": 35,
            "column": 15
          },
          "end": {
            "line": 35,
            "column": 16
          }
        },
        "loc": {
          "start": {
            "line": 35,
            "column": 26
          },
          "end": {
            "line": 40,
            "column": 5
          }
        },
        "line": 35
      },
      "5": {
        "name": "(anonymous_5)",
        "decl": {
          "start": {
            "line": 44,
            "column": 32
          },
          "end": {
            "line": 44,
            "column": 33
          }
        },
        "loc": {
          "start": {
            "line": 44,
            "column": 43
          },
          "end": {
            "line": 44,
            "column": 61
          }
        },
        "line": 44
      },
      "6": {
        "name": "(anonymous_6)",
        "decl": {
          "start": {
            "line": 45,
            "column": 28
          },
          "end": {
            "line": 45,
            "column": 29
          }
        },
        "loc": {
          "start": {
            "line": 45,
            "column": 39
          },
          "end": {
            "line": 45,
            "column": 58
          }
        },
        "line": 45
      },
      "7": {
        "name": "(anonymous_7)",
        "decl": {
          "start": {
            "line": 46,
            "column": 26
          },
          "end": {
            "line": 46,
            "column": 27
          }
        },
        "loc": {
          "start": {
            "line": 46,
            "column": 37
          },
          "end": {
            "line": 46,
            "column": 54
          }
        },
        "line": 46
      },
      "8": {
        "name": "(anonymous_8)",
        "decl": {
          "start": {
            "line": 47,
            "column": 31
          },
          "end": {
            "line": 47,
            "column": 32
          }
        },
        "loc": {
          "start": {
            "line": 47,
            "column": 42
          },
          "end": {
            "line": 47,
            "column": 54
          }
        },
        "line": 47
      }
    },
    "branchMap": {},
    "s": {
      "0": 22,
      "1": 22,
      "2": 8,
      "3": 2,
      "4": 6,
      "5": 2,
      "6": 6,
      "7": 22,
      "8": 22,
      "9": 150,
      "10": 22,
      "11": 0,
      "12": 22,
      "13": 72,
      "14": 22,
      "15": 220
    },
    "f": {
      "0": 8,
      "1": 2,
      "2": 6,
      "3": 2,
      "4": 6,
      "5": 150,
      "6": 0,
      "7": 72,
      "8": 220
    },
    "b": {},
    "inputSourceMap": {
      "version": 3,
      "sources": [
        "C:/SADULLO/RS/React-2023-q1/react-components/src/redux/searchSlice.ts"
      ],
      "mappings": "AAAA,SAAS,mBAAkC;AAU3C,MAAM,eAA4B;AAAA,EAChC,OAAO;AAAA,EACP,QAAQ;AAAA,EACR,MAAM;AACR;AAEO,aAAM,cAAc,YAAY;AAAA,EACrC,MAAM;AAAA,EACN;AAAA,EACA,UAAU;AAAA,IACR,eAAe,CAAC,OAAO,WAAkC;AACvD,aAAO;AAAA,QACL,GAAG;AAAA,QACH,OAAO,OAAO;AAAA,MAChB;AAAA,IACF;AAAA,IACA,WAAW,CAAC,OAAO,WAAkC;AACnD,aAAO;AAAA,QACL,GAAG;AAAA,QACH,QAAQ,OAAO;AAAA,MACjB;AAAA,IACF;AAAA,IACA,cAAc,CAAC,UAAU;AACvB,aAAO;AAAA,QACL,GAAG;AAAA,QACH,MAAM,MAAM,OAAO;AAAA,MACrB;AAAA,IACF;AAAA,IACA,cAAc,CAAC,UAAU;AACvB,aAAO;AAAA,QACL,GAAG;AAAA,QACH,MAAM,MAAM,OAAO;AAAA,MACrB;AAAA,IACF;AAAA,IACA,WAAW,CAAC,UAAU;AACpB,aAAO;AAAA,QACL,GAAG;AAAA,QACH,MAAM;AAAA,MACR;AAAA,IACF;AAAA,EACF;AACF,CAAC;AAEM,aAAM,EAAE,eAAe,WAAW,cAAc,cAAc,UAAU,IAC7E,YAAY;AAEP,aAAM,mBAAmB,CAAC,UAAqB,MAAM,OAAO;AAC5D,aAAM,eAAe,CAAC,UAAqB,MAAM,OAAO;AACxD,aAAM,aAAa,CAAC,UAAqB,MAAM,OAAO;AACtD,aAAM,kBAAkB,CAAC,UAAqB,MAAM;AAE3D,eAAe,YAAY;",
      "names": []
    },
    "_coverageSchema": "1a1c01bbd47fc00a2c39e90264f33305004495a9",
    "hash": "89ed5b4eed1aa57d4e12d8de627668f3ab742681"
  },
  "C:/SADULLO/RS/React-2023-q1/react-components/src/components/Pagination.tsx": {
    "path": "C:/SADULLO/RS/React-2023-q1/react-components/src/components/Pagination.tsx",
    "statementMap": {
      "0": {
        "start": {
          "line": 5,
          "column": 0
        },
        "end": {
          "line": 15,
          "column": 1
        }
      },
      "1": {
        "start": {
          "line": 6,
          "column": 2
        },
        "end": {
          "line": 8,
          "column": 3
        }
      },
      "2": {
        "start": {
          "line": 7,
          "column": 4
        },
        "end": {
          "line": 7,
          "column": 165
        }
      },
      "3": {
        "start": {
          "line": 9,
          "column": 2
        },
        "end": {
          "line": 9,
          "column": 39
        }
      },
      "4": {
        "start": {
          "line": 10,
          "column": 2
        },
        "end": {
          "line": 10,
          "column": 39
        }
      },
      "5": {
        "start": {
          "line": 11,
          "column": 2
        },
        "end": {
          "line": 13,
          "column": 4
        }
      },
      "6": {
        "start": {
          "line": 12,
          "column": 4
        },
        "end": {
          "line": 12,
          "column": 118
        }
      },
      "7": {
        "start": {
          "line": 14,
          "column": 2
        },
        "end": {
          "line": 14,
          "column": 75
        }
      },
      "8": {
        "start": {
          "line": 16,
          "column": 9
        },
        "end": {
          "line": 16,
          "column": 23
        }
      },
      "9": {
        "start": {
          "line": 22,
          "column": 2
        },
        "end": {
          "line": 22,
          "column": 7
        }
      },
      "10": {
        "start": {
          "line": 23,
          "column": 15
        },
        "end": {
          "line": 23,
          "column": 41
        }
      },
      "11": {
        "start": {
          "line": 24,
          "column": 19
        },
        "end": {
          "line": 24,
          "column": 35
        }
      },
      "12": {
        "start": {
          "line": 25,
          "column": 2
        },
        "end": {
          "line": 49,
          "column": 11
        }
      },
      "13": {
        "start": {
          "line": 26,
          "column": 150
        },
        "end": {
          "line": 26,
          "column": 174
        }
      },
      "14": {
        "start": {
          "line": 36,
          "column": 159
        },
        "end": {
          "line": 36,
          "column": 183
        }
      },
      "15": {
        "start": {
          "line": 51,
          "column": 0
        },
        "end": {
          "line": 53,
          "column": 3
        }
      },
      "16": {
        "start": {
          "line": 52,
          "column": 2
        },
        "end": {
          "line": 52,
          "column": 42
        }
      },
      "17": {
        "start": {
          "line": 54,
          "column": 0
        },
        "end": {
          "line": 54,
          "column": 16
        }
      },
      "18": {
        "start": {
          "line": 57,
          "column": 0
        },
        "end": {
          "line": 57,
          "column": 31
        }
      },
      "19": {
        "start": {
          "line": 58,
          "column": 0
        },
        "end": {
          "line": 74,
          "column": 1
        }
      },
      "20": {
        "start": {
          "line": 59,
          "column": 2
        },
        "end": {
          "line": 59,
          "column": 39
        }
      },
      "21": {
        "start": {
          "line": 60,
          "column": 2
        },
        "end": {
          "line": 60,
          "column": 39
        }
      },
      "22": {
        "start": {
          "line": 61,
          "column": 2
        },
        "end": {
          "line": 73,
          "column": 5
        }
      },
      "23": {
        "start": {
          "line": 65,
          "column": 4
        },
        "end": {
          "line": 65,
          "column": 144
        }
      },
      "24": {
        "start": {
          "line": 66,
          "column": 4
        },
        "end": {
          "line": 72,
          "column": 7
        }
      },
      "25": {
        "start": {
          "line": 67,
          "column": 6
        },
        "end": {
          "line": 68,
          "column": 15
        }
      },
      "26": {
        "start": {
          "line": 68,
          "column": 8
        },
        "end": {
          "line": 68,
          "column": 15
        }
      },
      "27": {
        "start": {
          "line": 69,
          "column": 32
        },
        "end": {
          "line": 69,
          "column": 115
        }
      },
      "28": {
        "start": {
          "line": 70,
          "column": 6
        },
        "end": {
          "line": 71,
          "column": 54
        }
      },
      "29": {
        "start": {
          "line": 71,
          "column": 8
        },
        "end": {
          "line": 71,
          "column": 54
        }
      }
    },
    "fnMap": {
      "0": {
        "name": "(anonymous_0)",
        "decl": {
          "start": {
            "line": 11,
            "column": 24
          },
          "end": {
            "line": 11,
            "column": 25
          }
        },
        "loc": {
          "start": {
            "line": 11,
            "column": 38
          },
          "end": {
            "line": 13,
            "column": 3
          }
        },
        "line": 11
      },
      "1": {
        "name": "Pagination",
        "decl": {
          "start": {
            "line": 19,
            "column": 9
          },
          "end": {
            "line": 19,
            "column": 19
          }
        },
        "loc": {
          "start": {
            "line": 21,
            "column": 3
          },
          "end": {
            "line": 50,
            "column": 1
          }
        },
        "line": 21
      },
      "2": {
        "name": "(anonymous_2)",
        "decl": {
          "start": {
            "line": 26,
            "column": 144
          },
          "end": {
            "line": 26,
            "column": 145
          }
        },
        "loc": {
          "start": {
            "line": 26,
            "column": 150
          },
          "end": {
            "line": 26,
            "column": 174
          }
        },
        "line": 26
      },
      "3": {
        "name": "(anonymous_3)",
        "decl": {
          "start": {
            "line": 36,
            "column": 153
          },
          "end": {
            "line": 36,
            "column": 154
          }
        },
        "loc": {
          "start": {
            "line": 36,
            "column": 159
          },
          "end": {
            "line": 36,
            "column": 183
          }
        },
        "line": 36
      },
      "4": {
        "name": "(anonymous_4)",
        "decl": {
          "start": {
            "line": 51,
            "column": 54
          },
          "end": {
            "line": 51,
            "column": 55
          }
        },
        "loc": {
          "start": {
            "line": 51,
            "column": 65
          },
          "end": {
            "line": 53,
            "column": 1
          }
        },
        "line": 51
      },
      "5": {
        "name": "(anonymous_5)",
        "decl": {
          "start": {
            "line": 64,
            "column": 9
          },
          "end": {
            "line": 64,
            "column": 10
          }
        },
        "loc": {
          "start": {
            "line": 64,
            "column": 29
          },
          "end": {
            "line": 73,
            "column": 3
          }
        },
        "line": 64
      },
      "6": {
        "name": "(anonymous_6)",
        "decl": {
          "start": {
            "line": 66,
            "column": 27
          },
          "end": {
            "line": 66,
            "column": 28
          }
        },
        "loc": {
          "start": {
            "line": 66,
            "column": 44
          },
          "end": {
            "line": 72,
            "column": 5
          }
        },
        "line": 66
      }
    },
    "branchMap": {
      "0": {
        "loc": {
          "start": {
            "line": 5,
            "column": 0
          },
          "end": {
            "line": 15,
            "column": 1
          }
        },
        "type": "if",
        "locations": [
          {
            "start": {
              "line": 5,
              "column": 0
            },
            "end": {
              "line": 15,
              "column": 1
            }
          },
          {
            "start": {},
            "end": {}
          }
        ],
        "line": 5
      },
      "1": {
        "loc": {
          "start": {
            "line": 6,
            "column": 2
          },
          "end": {
            "line": 8,
            "column": 3
          }
        },
        "type": "if",
        "locations": [
          {
            "start": {
              "line": 6,
              "column": 2
            },
            "end": {
              "line": 8,
              "column": 3
            }
          },
          {
            "start": {},
            "end": {}
          }
        ],
        "line": 6
      },
      "2": {
        "loc": {
          "start": {
            "line": 26,
            "column": 66
          },
          "end": {
            "line": 26,
            "column": 133
          }
        },
        "type": "cond-expr",
        "locations": [
          {
            "start": {
              "line": 26,
              "column": 79
            },
            "end": {
              "line": 26,
              "column": 109
            }
          },
          {
            "start": {
              "line": 26,
              "column": 112
            },
            "end": {
              "line": 26,
              "column": 133
            }
          }
        ],
        "line": 26
      },
      "3": {
        "loc": {
          "start": {
            "line": 36,
            "column": 66
          },
          "end": {
            "line": 36,
            "column": 142
          }
        },
        "type": "cond-expr",
        "locations": [
          {
            "start": {
              "line": 36,
              "column": 88
            },
            "end": {
              "line": 36,
              "column": 118
            }
          },
          {
            "start": {
              "line": 36,
              "column": 121
            },
            "end": {
              "line": 36,
              "column": 142
            }
          }
        ],
        "line": 36
      },
      "4": {
        "loc": {
          "start": {
            "line": 58,
            "column": 0
          },
          "end": {
            "line": 74,
            "column": 1
          }
        },
        "type": "if",
        "locations": [
          {
            "start": {
              "line": 58,
              "column": 0
            },
            "end": {
              "line": 74,
              "column": 1
            }
          },
          {
            "start": {},
            "end": {}
          }
        ],
        "line": 58
      },
      "5": {
        "loc": {
          "start": {
            "line": 67,
            "column": 6
          },
          "end": {
            "line": 68,
            "column": 15
          }
        },
        "type": "if",
        "locations": [
          {
            "start": {
              "line": 67,
              "column": 6
            },
            "end": {
              "line": 68,
              "column": 15
            }
          },
          {
            "start": {},
            "end": {}
          }
        ],
        "line": 67
      },
      "6": {
        "loc": {
          "start": {
            "line": 70,
            "column": 6
          },
          "end": {
            "line": 71,
            "column": 54
          }
        },
        "type": "if",
        "locations": [
          {
            "start": {
              "line": 70,
              "column": 6
            },
            "end": {
              "line": 71,
              "column": 54
            }
          },
          {
            "start": {},
            "end": {}
          }
        ],
        "line": 70
      }
    },
    "s": {
      "0": 22,
      "1": 22,
      "2": 0,
      "3": 22,
      "4": 22,
      "5": 22,
      "6": 22,
      "7": 22,
      "8": 22,
      "9": 36,
      "10": 36,
      "11": 36,
      "12": 36,
      "13": 2,
      "14": 6,
      "15": 22,
      "16": 4,
      "17": 22,
      "18": 22,
      "19": 22,
      "20": 22,
      "21": 22,
      "22": 22,
      "23": 20,
      "24": 20,
      "25": 0,
      "26": 0,
      "27": 0,
      "28": 0,
      "29": 0
    },
    "f": {
      "0": 22,
      "1": 36,
      "2": 2,
      "3": 6,
      "4": 4,
      "5": 20,
      "6": 0
    },
    "b": {
      "0": [
        22,
        0
      ],
      "1": [
        0,
        22
      ],
      "2": [
        20,
        16
      ],
      "3": [
        4,
        32
      ],
      "4": [
        22,
        0
      ],
      "5": [
        0,
        0
      ],
      "6": [
        0,
        0
      ]
    },
    "inputSourceMap": {
      "version": 3,
      "mappings": "AAaQ;;;;;;;;;;;;;;;;AAbR,SAASA,gBAAgBC,sBAAsB;AAC/C,SAASC,YAAYC,cAAcC,oBAAoB;AAMvD,SAASC,WAAW;AAAA,EAAEC;AAA4B,GAAG;AAAAC;AACnD,QAAMC,OAAOP,eAAeC,UAAU;AACtC,QAAMO,WAAWT,eAAc;AAC/B,SACE,uBAAC,SAAI,WAAU,cACb,iCAAC,SAAI,WAAU,qBACb;AAAA,2BAAC,YACC,MAAK,UACL,WAAWQ,SAAS,IAAI,iCAAiC,uBACzD,SAAS,MAAMC,SAASL,aAAY,CAAE,GACtC,WAAQ,kBACT,oBALD;AAAA;AAAA;AAAA;AAAA,WAOA;AAAA,IACA,uBAAC,YAAO,MAAK,UAAS,WAAU,8BAA6B,WAAQ,kBAClEI,kBADH;AAAA;AAAA;AAAA;AAAA,WAEA;AAAA,IACA,uBAAC,YACC,MAAK,UACL,WAAWA,SAASF,aAAa,iCAAiC,uBAClE,SAAS,MAAMG,SAASN,aAAY,CAAE,GACtC,WAAQ,kBACT,oBALD;AAAA;AAAA;AAAA;AAAA,WAOA;AAAA,OAnBF;AAAA;AAAA;AAAA;AAAA,SAoBA,KArBF;AAAA;AAAA;AAAA;AAAA,SAsBA;AAEJ;AAACI,GA5BQF,YAAU;AAAA,UACJJ,gBACID,cAAc;AAAA;AAAAU,KAFxBL;AA8BT,eAAeA;AAAW;AAAAM",
      "names": [
        "useAppDispatch",
        "useAppSelector",
        "selectPage",
        "goToNextPage",
        "goToPrevPage",
        "Pagination",
        "totalPages",
        "_s",
        "page",
        "dispatch",
        "_c",
        "$RefreshReg$"
      ],
      "sources": [
        "C:/SADULLO/RS/React-2023-q1/react-components/src/components/Pagination.tsx"
      ],
      "file": "C:/SADULLO/RS/React-2023-q1/react-components/src/components/Pagination.tsx"
    },
    "_coverageSchema": "1a1c01bbd47fc00a2c39e90264f33305004495a9",
    "hash": "e729556030fd2198c2cccce7f694c8ff4d935760"
  },
  "C:/SADULLO/RS/React-2023-q1/react-components/src/redux/apiSlice.ts": {
    "path": "C:/SADULLO/RS/React-2023-q1/react-components/src/redux/apiSlice.ts",
    "statementMap": {
      "0": {
        "start": {
          "line": 2,
          "column": 19
        },
        "end": {
          "line": 2,
          "column": 64
        }
      },
      "1": {
        "start": {
          "line": 3,
          "column": 24
        },
        "end": {
          "line": 20,
          "column": 2
        }
      },
      "2": {
        "start": {
          "line": 6,
          "column": 27
        },
        "end": {
          "line": 19,
          "column": 3
        }
      },
      "3": {
        "start": {
          "line": 9,
          "column": 8
        },
        "end": {
          "line": 12,
          "column": 10
        }
      },
      "4": {
        "start": {
          "line": 17,
          "column": 21
        },
        "end": {
          "line": 17,
          "column": 60
        }
      },
      "5": {
        "start": {
          "line": 21,
          "column": 59
        },
        "end": {
          "line": 21,
          "column": 67
        }
      }
    },
    "fnMap": {
      "0": {
        "name": "(anonymous_0)",
        "decl": {
          "start": {
            "line": 6,
            "column": 13
          },
          "end": {
            "line": 6,
            "column": 14
          }
        },
        "loc": {
          "start": {
            "line": 6,
            "column": 27
          },
          "end": {
            "line": 19,
            "column": 3
          }
        },
        "line": 6
      },
      "1": {
        "name": "(anonymous_1)",
        "decl": {
          "start": {
            "line": 8,
            "column": 13
          },
          "end": {
            "line": 8,
            "column": 14
          }
        },
        "loc": {
          "start": {
            "line": 8,
            "column": 22
          },
          "end": {
            "line": 13,
            "column": 7
          }
        },
        "line": 8
      },
      "2": {
        "name": "(anonymous_2)",
        "decl": {
          "start": {
            "line": 17,
            "column": 13
          },
          "end": {
            "line": 17,
            "column": 14
          }
        },
        "loc": {
          "start": {
            "line": 17,
            "column": 21
          },
          "end": {
            "line": 17,
            "column": 60
          }
        },
        "line": 17
      }
    },
    "branchMap": {},
    "s": {
      "0": 22,
      "1": 22,
      "2": 22,
      "3": 14,
      "4": 2,
      "5": 22
    },
    "f": {
      "0": 22,
      "1": 14,
      "2": 2
    },
    "b": {},
    "inputSourceMap": {
      "version": 3,
      "sources": [
        "C:/SADULLO/RS/React-2023-q1/react-components/src/redux/apiSlice.ts"
      ],
      "mappings": "AAAA,SAAsB,WAAsB,sBAAsB;AAkBlE,MAAM,aAAa;AAEZ,aAAM,WAAW,UAAU;AAAA,EAChC,aAAa;AAAA,EACb,WAAW,eAAe,EAAE,SAAS,2BAA2B,CAAC;AAAA,EAKjE,WAAW,CAAC,aAAa;AAAA,IACvB,WAAW,QAAQ,MAA8B;AAAA,MAC/C,OAAO,CAAC,QAAQ;AACd,eAAO;AAAA,UACL,KAAK;AAAA,UACL,QAAQ,EAAE,GAAG,KAAK,UAAU,IAAI,QAAQ,WAAW,WAAW;AAAA,QAChE;AAAA,MACF;AAAA,MACA,cAAc;AAAA,IAChB,CAAC;AAAA,IACD,cAAc,QAAQ,MAAsB;AAAA,MAC1C,OAAO,CAAC,OAAO,WAAW,gBAAgB;AAAA,IAC5C,CAAC;AAAA,EACH;AACF,CAAC;AAEM,aAAM,EAAE,mBAAmB,qBAAqB,IAAI;",
      "names": []
    },
    "_coverageSchema": "1a1c01bbd47fc00a2c39e90264f33305004495a9",
    "hash": "588d823c557877e53cfe74bce5a9195fd377ea44"
  },
  "C:/SADULLO/RS/React-2023-q1/react-components/src/utils/dateFormatter.ts": {
    "path": "C:/SADULLO/RS/React-2023-q1/react-components/src/utils/dateFormatter.ts",
    "statementMap": {
      "0": {
        "start": {
          "line": 1,
          "column": 22
        },
        "end": {
          "line": 5,
          "column": 1
        }
      },
      "1": {
        "start": {
          "line": 2,
          "column": 2
        },
        "end": {
          "line": 3,
          "column": 16
        }
      },
      "2": {
        "start": {
          "line": 3,
          "column": 4
        },
        "end": {
          "line": 3,
          "column": 16
        }
      },
      "3": {
        "start": {
          "line": 4,
          "column": 2
        },
        "end": {
          "line": 4,
          "column": 58
        }
      }
    },
    "fnMap": {
      "0": {
        "name": "(anonymous_0)",
        "decl": {
          "start": {
            "line": 1,
            "column": 22
          },
          "end": {
            "line": 1,
            "column": 23
          }
        },
        "loc": {
          "start": {
            "line": 1,
            "column": 32
          },
          "end": {
            "line": 5,
            "column": 1
          }
        },
        "line": 1
      }
    },
    "branchMap": {
      "0": {
        "loc": {
          "start": {
            "line": 2,
            "column": 2
          },
          "end": {
            "line": 3,
            "column": 16
          }
        },
        "type": "if",
        "locations": [
          {
            "start": {
              "line": 2,
              "column": 2
            },
            "end": {
              "line": 3,
              "column": 16
            }
          },
          {
            "start": {},
            "end": {}
          }
        ],
        "line": 2
      }
    },
    "s": {
      "0": 22,
      "1": 384,
      "2": 0,
      "3": 384
    },
    "f": {
      "0": 384
    },
    "b": {
      "0": [
        0,
        384
      ]
    },
    "inputSourceMap": {
      "version": 3,
      "sources": [
        "C:/SADULLO/RS/React-2023-q1/react-components/src/utils/dateFormatter.ts"
      ],
      "mappings": "AAAA,MAAM,gBAAgB,CAAC,SAAwB;AAC7C,MAAI,CAAC;AAAM,WAAO;AAClB,SAAO,KAAK,MAAM,GAAG,EAAE,EAAE,MAAM,GAAG,EAAE,QAAQ,EAAE,KAAK,GAAG;AACxD;AAEA,eAAe;",
      "names": []
    },
    "_coverageSchema": "1a1c01bbd47fc00a2c39e90264f33305004495a9",
    "hash": "bff9d912b1ae387d5e1964610c2962396d9fc487"
  },
  "C:/SADULLO/RS/React-2023-q1/react-components/src/components/Spinner.tsx": {
    "path": "C:/SADULLO/RS/React-2023-q1/react-components/src/components/Spinner.tsx",
    "statementMap": {
      "0": {
        "start": {
          "line": 5,
          "column": 0
        },
        "end": {
          "line": 15,
          "column": 1
        }
      },
      "1": {
        "start": {
          "line": 6,
          "column": 2
        },
        "end": {
          "line": 8,
          "column": 3
        }
      },
      "2": {
        "start": {
          "line": 7,
          "column": 4
        },
        "end": {
          "line": 7,
          "column": 165
        }
      },
      "3": {
        "start": {
          "line": 9,
          "column": 2
        },
        "end": {
          "line": 9,
          "column": 39
        }
      },
      "4": {
        "start": {
          "line": 10,
          "column": 2
        },
        "end": {
          "line": 10,
          "column": 39
        }
      },
      "5": {
        "start": {
          "line": 11,
          "column": 2
        },
        "end": {
          "line": 13,
          "column": 4
        }
      },
      "6": {
        "start": {
          "line": 12,
          "column": 4
        },
        "end": {
          "line": 12,
          "column": 115
        }
      },
      "7": {
        "start": {
          "line": 14,
          "column": 2
        },
        "end": {
          "line": 14,
          "column": 75
        }
      },
      "8": {
        "start": {
          "line": 17,
          "column": 2
        },
        "end": {
          "line": 33,
          "column": 11
        }
      },
      "9": {
        "start": {
          "line": 35,
          "column": 0
        },
        "end": {
          "line": 35,
          "column": 13
        }
      },
      "10": {
        "start": {
          "line": 38,
          "column": 0
        },
        "end": {
          "line": 38,
          "column": 28
        }
      },
      "11": {
        "start": {
          "line": 39,
          "column": 0
        },
        "end": {
          "line": 55,
          "column": 1
        }
      },
      "12": {
        "start": {
          "line": 40,
          "column": 2
        },
        "end": {
          "line": 40,
          "column": 39
        }
      },
      "13": {
        "start": {
          "line": 41,
          "column": 2
        },
        "end": {
          "line": 41,
          "column": 39
        }
      },
      "14": {
        "start": {
          "line": 42,
          "column": 2
        },
        "end": {
          "line": 54,
          "column": 5
        }
      },
      "15": {
        "start": {
          "line": 46,
          "column": 4
        },
        "end": {
          "line": 46,
          "column": 141
        }
      },
      "16": {
        "start": {
          "line": 47,
          "column": 4
        },
        "end": {
          "line": 53,
          "column": 7
        }
      },
      "17": {
        "start": {
          "line": 48,
          "column": 6
        },
        "end": {
          "line": 49,
          "column": 15
        }
      },
      "18": {
        "start": {
          "line": 49,
          "column": 8
        },
        "end": {
          "line": 49,
          "column": 15
        }
      },
      "19": {
        "start": {
          "line": 50,
          "column": 32
        },
        "end": {
          "line": 50,
          "column": 115
        }
      },
      "20": {
        "start": {
          "line": 51,
          "column": 6
        },
        "end": {
          "line": 52,
          "column": 54
        }
      },
      "21": {
        "start": {
          "line": 52,
          "column": 8
        },
        "end": {
          "line": 52,
          "column": 54
        }
      }
    },
    "fnMap": {
      "0": {
        "name": "(anonymous_0)",
        "decl": {
          "start": {
            "line": 11,
            "column": 24
          },
          "end": {
            "line": 11,
            "column": 25
          }
        },
        "loc": {
          "start": {
            "line": 11,
            "column": 38
          },
          "end": {
            "line": 13,
            "column": 3
          }
        },
        "line": 11
      },
      "1": {
        "name": "Spinner",
        "decl": {
          "start": {
            "line": 16,
            "column": 9
          },
          "end": {
            "line": 16,
            "column": 16
          }
        },
        "loc": {
          "start": {
            "line": 16,
            "column": 19
          },
          "end": {
            "line": 34,
            "column": 1
          }
        },
        "line": 16
      },
      "2": {
        "name": "(anonymous_2)",
        "decl": {
          "start": {
            "line": 45,
            "column": 9
          },
          "end": {
            "line": 45,
            "column": 10
          }
        },
        "loc": {
          "start": {
            "line": 45,
            "column": 29
          },
          "end": {
            "line": 54,
            "column": 3
          }
        },
        "line": 45
      },
      "3": {
        "name": "(anonymous_3)",
        "decl": {
          "start": {
            "line": 47,
            "column": 27
          },
          "end": {
            "line": 47,
            "column": 28
          }
        },
        "loc": {
          "start": {
            "line": 47,
            "column": 44
          },
          "end": {
            "line": 53,
            "column": 5
          }
        },
        "line": 47
      }
    },
    "branchMap": {
      "0": {
        "loc": {
          "start": {
            "line": 5,
            "column": 0
          },
          "end": {
            "line": 15,
            "column": 1
          }
        },
        "type": "if",
        "locations": [
          {
            "start": {
              "line": 5,
              "column": 0
            },
            "end": {
              "line": 15,
              "column": 1
            }
          },
          {
            "start": {},
            "end": {}
          }
        ],
        "line": 5
      },
      "1": {
        "loc": {
          "start": {
            "line": 6,
            "column": 2
          },
          "end": {
            "line": 8,
            "column": 3
          }
        },
        "type": "if",
        "locations": [
          {
            "start": {
              "line": 6,
              "column": 2
            },
            "end": {
              "line": 8,
              "column": 3
            }
          },
          {
            "start": {},
            "end": {}
          }
        ],
        "line": 6
      },
      "2": {
        "loc": {
          "start": {
            "line": 39,
            "column": 0
          },
          "end": {
            "line": 55,
            "column": 1
          }
        },
        "type": "if",
        "locations": [
          {
            "start": {
              "line": 39,
              "column": 0
            },
            "end": {
              "line": 55,
              "column": 1
            }
          },
          {
            "start": {},
            "end": {}
          }
        ],
        "line": 39
      },
      "3": {
        "loc": {
          "start": {
            "line": 48,
            "column": 6
          },
          "end": {
            "line": 49,
            "column": 15
          }
        },
        "type": "if",
        "locations": [
          {
            "start": {
              "line": 48,
              "column": 6
            },
            "end": {
              "line": 49,
              "column": 15
            }
          },
          {
            "start": {},
            "end": {}
          }
        ],
        "line": 48
      },
      "4": {
        "loc": {
          "start": {
            "line": 51,
            "column": 6
          },
          "end": {
            "line": 52,
            "column": 54
          }
        },
        "type": "if",
        "locations": [
          {
            "start": {
              "line": 51,
              "column": 6
            },
            "end": {
              "line": 52,
              "column": 54
            }
          },
          {
            "start": {},
            "end": {}
          }
        ],
        "line": 51
      }
    },
    "s": {
      "0": 22,
      "1": 22,
      "2": 0,
      "3": 22,
      "4": 22,
      "5": 22,
      "6": 22,
      "7": 22,
      "8": 64,
      "9": 22,
      "10": 22,
      "11": 22,
      "12": 22,
      "13": 22,
      "14": 22,
      "15": 20,
      "16": 20,
      "17": 0,
      "18": 0,
      "19": 0,
      "20": 0,
      "21": 0
    },
    "f": {
      "0": 22,
      "1": 64,
      "2": 20,
      "3": 0
    },
    "b": {
      "0": [
        22,
        0
      ],
      "1": [
        0,
        22
      ],
      "2": [
        22,
        0
      ],
      "3": [
        0,
        0
      ],
      "4": [
        0,
        0
      ]
    },
    "inputSourceMap": {
      "version": 3,
      "mappings": "AAKU;AALV,2BAAmB;AAAA;AAAA;AAAA;AAAA;AAAA;AAAA;AAAA;AAAA;AAAA;AAAA;AAAA;AAAA;AAAA;AAAA;AACjB,SACE,uBAAC,SAAI,WAAU,WACb,iCAAC,SAAI,WAAU,wCACb,iCAAC,SAAI,WAAU,oBACb,iCAAC,WAAD;AAAA;AAAA;AAAA;AAAA,SAAI,KADN;AAAA;AAAA;AAAA;AAAA,SAEA,KAHF;AAAA;AAAA;AAAA;AAAA,SAIA,KALF;AAAA;AAAA;AAAA;AAAA,SAMA;AAEJ;AAACA,KAVQC;AAYT,eAAeA;AAAQ;AAAAC",
      "names": [
        "_c",
        "Spinner",
        "$RefreshReg$"
      ],
      "sources": [
        "C:/SADULLO/RS/React-2023-q1/react-components/src/components/Spinner.tsx"
      ],
      "file": "C:/SADULLO/RS/React-2023-q1/react-components/src/components/Spinner.tsx"
    },
    "_coverageSchema": "1a1c01bbd47fc00a2c39e90264f33305004495a9",
    "hash": "44b422c19ef69470e16e172c69c7471774c9bf24"
  },
  "C:/SADULLO/RS/React-2023-q1/react-components/src/components/Modal.tsx": {
    "path": "C:/SADULLO/RS/React-2023-q1/react-components/src/components/Modal.tsx",
    "statementMap": {
      "0": {
        "start": {
          "line": 5,
          "column": 0
        },
        "end": {
          "line": 15,
          "column": 1
        }
      },
      "1": {
        "start": {
          "line": 6,
          "column": 2
        },
        "end": {
          "line": 8,
          "column": 3
        }
      },
      "2": {
        "start": {
          "line": 7,
          "column": 4
        },
        "end": {
          "line": 7,
          "column": 165
        }
      },
      "3": {
        "start": {
          "line": 9,
          "column": 2
        },
        "end": {
          "line": 9,
          "column": 39
        }
      },
      "4": {
        "start": {
          "line": 10,
          "column": 2
        },
        "end": {
          "line": 10,
          "column": 39
        }
      },
      "5": {
        "start": {
          "line": 11,
          "column": 2
        },
        "end": {
          "line": 13,
          "column": 4
        }
      },
      "6": {
        "start": {
          "line": 12,
          "column": 4
        },
        "end": {
          "line": 12,
          "column": 113
        }
      },
      "7": {
        "start": {
          "line": 14,
          "column": 2
        },
        "end": {
          "line": 14,
          "column": 75
        }
      },
      "8": {
        "start": {
          "line": 16,
          "column": 9
        },
        "end": {
          "line": 16,
          "column": 23
        }
      },
      "9": {
        "start": {
          "line": 24,
          "column": 2
        },
        "end": {
          "line": 24,
          "column": 7
        }
      },
      "10": {
        "start": {
          "line": 28,
          "column": 6
        },
        "end": {
          "line": 28,
          "column": 30
        }
      },
      "11": {
        "start": {
          "line": 29,
          "column": 21
        },
        "end": {
          "line": 32,
          "column": 3
        }
      },
      "12": {
        "start": {
          "line": 30,
          "column": 4
        },
        "end": {
          "line": 30,
          "column": 24
        }
      },
      "13": {
        "start": {
          "line": 31,
          "column": 4
        },
        "end": {
          "line": 31,
          "column": 26
        }
      },
      "14": {
        "start": {
          "line": 33,
          "column": 26
        },
        "end": {
          "line": 33,
          "column": 52
        }
      },
      "15": {
        "start": {
          "line": 33,
          "column": 33
        },
        "end": {
          "line": 33,
          "column": 52
        }
      },
      "16": {
        "start": {
          "line": 34,
          "column": 2
        },
        "end": {
          "line": 39,
          "column": 13
        }
      },
      "17": {
        "start": {
          "line": 35,
          "column": 4
        },
        "end": {
          "line": 39,
          "column": 13
        }
      },
      "18": {
        "start": {
          "line": 40,
          "column": 2
        },
        "end": {
          "line": 41,
          "column": 16
        }
      },
      "19": {
        "start": {
          "line": 41,
          "column": 4
        },
        "end": {
          "line": 41,
          "column": 16
        }
      },
      "20": {
        "start": {
          "line": 42,
          "column": 2
        },
        "end": {
          "line": 164,
          "column": 11
        }
      },
      "21": {
        "start": {
          "line": 166,
          "column": 0
        },
        "end": {
          "line": 168,
          "column": 3
        }
      },
      "22": {
        "start": {
          "line": 167,
          "column": 2
        },
        "end": {
          "line": 167,
          "column": 32
        }
      },
      "23": {
        "start": {
          "line": 169,
          "column": 0
        },
        "end": {
          "line": 169,
          "column": 11
        }
      },
      "24": {
        "start": {
          "line": 172,
          "column": 0
        },
        "end": {
          "line": 172,
          "column": 26
        }
      },
      "25": {
        "start": {
          "line": 173,
          "column": 0
        },
        "end": {
          "line": 189,
          "column": 1
        }
      },
      "26": {
        "start": {
          "line": 174,
          "column": 2
        },
        "end": {
          "line": 174,
          "column": 39
        }
      },
      "27": {
        "start": {
          "line": 175,
          "column": 2
        },
        "end": {
          "line": 175,
          "column": 39
        }
      },
      "28": {
        "start": {
          "line": 176,
          "column": 2
        },
        "end": {
          "line": 188,
          "column": 5
        }
      },
      "29": {
        "start": {
          "line": 180,
          "column": 4
        },
        "end": {
          "line": 180,
          "column": 139
        }
      },
      "30": {
        "start": {
          "line": 181,
          "column": 4
        },
        "end": {
          "line": 187,
          "column": 7
        }
      },
      "31": {
        "start": {
          "line": 182,
          "column": 6
        },
        "end": {
          "line": 183,
          "column": 15
        }
      },
      "32": {
        "start": {
          "line": 183,
          "column": 8
        },
        "end": {
          "line": 183,
          "column": 15
        }
      },
      "33": {
        "start": {
          "line": 184,
          "column": 32
        },
        "end": {
          "line": 184,
          "column": 115
        }
      },
      "34": {
        "start": {
          "line": 185,
          "column": 6
        },
        "end": {
          "line": 186,
          "column": 54
        }
      },
      "35": {
        "start": {
          "line": 186,
          "column": 8
        },
        "end": {
          "line": 186,
          "column": 54
        }
      }
    },
    "fnMap": {
      "0": {
        "name": "(anonymous_0)",
        "decl": {
          "start": {
            "line": 11,
            "column": 24
          },
          "end": {
            "line": 11,
            "column": 25
          }
        },
        "loc": {
          "start": {
            "line": 11,
            "column": 38
          },
          "end": {
            "line": 13,
            "column": 3
          }
        },
        "line": 11
      },
      "1": {
        "name": "Modal",
        "decl": {
          "start": {
            "line": 20,
            "column": 9
          },
          "end": {
            "line": 20,
            "column": 14
          }
        },
        "loc": {
          "start": {
            "line": 23,
            "column": 3
          },
          "end": {
            "line": 165,
            "column": 1
          }
        },
        "line": 23
      },
      "2": {
        "name": "(anonymous_2)",
        "decl": {
          "start": {
            "line": 29,
            "column": 21
          },
          "end": {
            "line": 29,
            "column": 22
          }
        },
        "loc": {
          "start": {
            "line": 29,
            "column": 28
          },
          "end": {
            "line": 32,
            "column": 3
          }
        },
        "line": 29
      },
      "3": {
        "name": "(anonymous_3)",
        "decl": {
          "start": {
            "line": 33,
            "column": 26
          },
          "end": {
            "line": 33,
            "column": 27
          }
        },
        "loc": {
          "start": {
            "line": 33,
            "column": 33
          },
          "end": {
            "line": 33,
            "column": 52
          }
        },
        "line": 33
      },
      "4": {
        "name": "(anonymous_4)",
        "decl": {
          "start": {
            "line": 166,
            "column": 49
          },
          "end": {
            "line": 166,
            "column": 50
          }
        },
        "loc": {
          "start": {
            "line": 166,
            "column": 60
          },
          "end": {
            "line": 168,
            "column": 1
          }
        },
        "line": 166
      },
      "5": {
        "name": "(anonymous_5)",
        "decl": {
          "start": {
            "line": 179,
            "column": 9
          },
          "end": {
            "line": 179,
            "column": 10
          }
        },
        "loc": {
          "start": {
            "line": 179,
            "column": 29
          },
          "end": {
            "line": 188,
            "column": 3
          }
        },
        "line": 179
      },
      "6": {
        "name": "(anonymous_6)",
        "decl": {
          "start": {
            "line": 181,
            "column": 27
          },
          "end": {
            "line": 181,
            "column": 28
          }
        },
        "loc": {
          "start": {
            "line": 181,
            "column": 44
          },
          "end": {
            "line": 187,
            "column": 5
          }
        },
        "line": 181
      }
    },
    "branchMap": {
      "0": {
        "loc": {
          "start": {
            "line": 5,
            "column": 0
          },
          "end": {
            "line": 15,
            "column": 1
          }
        },
        "type": "if",
        "locations": [
          {
            "start": {
              "line": 5,
              "column": 0
            },
            "end": {
              "line": 15,
              "column": 1
            }
          },
          {
            "start": {},
            "end": {}
          }
        ],
        "line": 5
      },
      "1": {
        "loc": {
          "start": {
            "line": 6,
            "column": 2
          },
          "end": {
            "line": 8,
            "column": 3
          }
        },
        "type": "if",
        "locations": [
          {
            "start": {
              "line": 6,
              "column": 2
            },
            "end": {
              "line": 8,
              "column": 3
            }
          },
          {
            "start": {},
            "end": {}
          }
        ],
        "line": 6
      },
      "2": {
        "loc": {
          "start": {
            "line": 34,
            "column": 2
          },
          "end": {
            "line": 39,
            "column": 13
          }
        },
        "type": "if",
        "locations": [
          {
            "start": {
              "line": 34,
              "column": 2
            },
            "end": {
              "line": 39,
              "column": 13
            }
          },
          {
            "start": {},
            "end": {}
          }
        ],
        "line": 34
      },
      "3": {
        "loc": {
          "start": {
            "line": 40,
            "column": 2
          },
          "end": {
            "line": 41,
            "column": 16
          }
        },
        "type": "if",
        "locations": [
          {
            "start": {
              "line": 40,
              "column": 2
            },
            "end": {
              "line": 41,
              "column": 16
            }
          },
          {
            "start": {},
            "end": {}
          }
        ],
        "line": 40
      },
      "4": {
        "loc": {
          "start": {
            "line": 173,
            "column": 0
          },
          "end": {
            "line": 189,
            "column": 1
          }
        },
        "type": "if",
        "locations": [
          {
            "start": {
              "line": 173,
              "column": 0
            },
            "end": {
              "line": 189,
              "column": 1
            }
          },
          {
            "start": {},
            "end": {}
          }
        ],
        "line": 173
      },
      "5": {
        "loc": {
          "start": {
            "line": 182,
            "column": 6
          },
          "end": {
            "line": 183,
            "column": 15
          }
        },
        "type": "if",
        "locations": [
          {
            "start": {
              "line": 182,
              "column": 6
            },
            "end": {
              "line": 183,
              "column": 15
            }
          },
          {
            "start": {},
            "end": {}
          }
        ],
        "line": 182
      },
      "6": {
        "loc": {
          "start": {
            "line": 185,
            "column": 6
          },
          "end": {
            "line": 186,
            "column": 54
          }
        },
        "type": "if",
        "locations": [
          {
            "start": {
              "line": 185,
              "column": 6
            },
            "end": {
              "line": 186,
              "column": 54
            }
          },
          {
            "start": {},
            "end": {}
          }
        ],
        "line": 185
      }
    },
    "s": {
      "0": 22,
      "1": 22,
      "2": 0,
      "3": 22,
      "4": 22,
      "5": 22,
      "6": 22,
      "7": 22,
      "8": 22,
      "9": 16,
      "10": 16,
      "11": 16,
      "12": 4,
      "13": 4,
      "14": 16,
      "15": 2,
      "16": 16,
      "17": 8,
      "18": 8,
      "19": 0,
      "20": 8,
      "21": 22,
      "22": 2,
      "23": 22,
      "24": 22,
      "25": 22,
      "26": 22,
      "27": 22,
      "28": 22,
      "29": 20,
      "30": 20,
      "31": 0,
      "32": 0,
      "33": 0,
      "34": 0,
      "35": 0
    },
    "f": {
      "0": 22,
      "1": 16,
      "2": 4,
      "3": 2,
      "4": 2,
      "5": 20,
      "6": 0
    },
    "b": {
      "0": [
        22,
        0
      ],
      "1": [
        0,
        22
      ],
      "2": [
        8,
        8
      ],
      "3": [
        0,
        8
      ],
      "4": [
        22,
        0
      ],
      "5": [
        0,
        0
      ],
      "6": [
        0,
        0
      ]
    },
    "inputSourceMap": {
      "version": 3,
      "mappings": "AAmBwB;;;;;;;;;;;;;;;;AAlBxB,SAASA,4BAA4B;AACrC,OAAOC,mBAAmB;AAC1B,OAAOC,aAAa;AAMpB,SAASC,MAAM;AAAA,EAAEC;AAAAA,EAAgBC;AAAe,GAAG;AAAAC;AACjD,QAAM;AAAA,IAAEC,MAAMC;AAAAA,IAASC;AAAAA,EAAU,IAAIT,qBAAqBK,EAAE;AAE5D,QAAMK,aAAaA,CAACC,MAAkB;AACpCA,MAAEC,gBAAe;AACjBR,mBAAe,KAAK;AAAA,EACtB;AAEA,QAAMQ,kBAAkBA,CAACD,MAAkBA,EAAEC,gBAAe;AAE5D,MAAIH;AAAW,WAAO,uBAAC,aAAD;AAAA;AAAA;AAAA;AAAA,WAAQ;AAC9B,MAAI,CAACD;AAAS,WAAO;AAErB,SACE,uBAAC,SAAI,WAAU,SAAQ,SAASE,YAAY,eAAY,QAAO,WAAQ,SACrE,iCAAC,SACC,WAAU,gBACV,SAASE,iBACT,eAAY,QACZ,WAAQ,eAER;AAAA,2BAAC,YAAO,MAAK,UAAS,WAAU,kBAAiB,SAASF,YAAY,WAAQ,aAAY,iBAA1F;AAAA;AAAA;AAAA;AAAA,WAEA;AAAA,IACA,uBAAC,SAAI,KAAKF,QAAQK,KAAKC,OAAO,KAAI,aAAY,WAAU,kBAAxD;AAAA;AAAA;AAAA;AAAA,WAAsE;AAAA,IACtE,uBAAC,SAAI,WAAU,kBACb;AAAA,6BAAC,SAAI,WAAU,iBACb;AAAA,+BAAC,SACC,WAAU,yBACV,OAAO;AAAA,UACLC,YAAa,eAAcP,QAAQQ,KAAKC,cAAcC;AAAAA,QACxD,KAJF;AAAA;AAAA;AAAA;AAAA,eAII;AAAA,QAEJ,uBAAC,SAAI,WAAU,uBACb;AAAA,iCAAC,QAAIV,kBAAQQ,KAAKG,QAAlB;AAAA;AAAA;AAAA;AAAA,iBAAuB;AAAA,UACvB,uBAAC,OAAE,2BAAH;AAAA;AAAA;AAAA;AAAA,iBAAc;AAAA,aAFhB;AAAA;AAAA;AAAA;AAAA,eAGA;AAAA,WAVF;AAAA;AAAA;AAAA;AAAA,aAWA;AAAA,MACA,uBAAC,OAAE,WAAU,wBACX;AAAA,+BAAC,YAAO,2BAAR;AAAA;AAAA;AAAA;AAAA,eAAmB;AAAA,QAClBlB,cAAcO,QAAQY,UAAU;AAAA,WAFnC;AAAA;AAAA;AAAA;AAAA,aAGA;AAAA,MACA,uBAAC,OAAE,WAAU,wBACX;AAAA,+BAAC,YAAO,uBAAR;AAAA;AAAA;AAAA;AAAA,eAAe;AAAA,QACdZ,QAAQa;AAAAA,WAFX;AAAA;AAAA;AAAA;AAAA,aAGA;AAAA,MACA,uBAAC,OAAE,WAAU,wBACX;AAAA,+BAAC,YAAO,sBAAR;AAAA;AAAA;AAAA;AAAA,eAAc;AAAA,QACbb,QAAQc;AAAAA,QAAM;AAAA,QAAId,QAAQe;AAAAA,WAF7B;AAAA;AAAA;AAAA;AAAA,aAGA;AAAA,MACA,uBAAC,OAAE,WAAU,wBACX;AAAA,+BAAC,YAAO,uBAAR;AAAA;AAAA;AAAA;AAAA,eAAe;AAAA,QACdf,QAAQgB;AAAAA,WAFX;AAAA;AAAA;AAAA;AAAA,aAGA;AAAA,MACA,uBAAC,OAAE,WAAU,wBACX;AAAA,+BAAC,YAAO,6BAAR;AAAA;AAAA;AAAA;AAAA,eAAqB;AAAA,QAAS;AAAA,QAAC,uBAAC,UAAD;AAAA;AAAA;AAAA;AAAA,eAAG;AAAA,QACjChB,QAAQiB;AAAAA,WAFX;AAAA;AAAA;AAAA;AAAA,aAGA;AAAA,SAhCF;AAAA;AAAA;AAAA;AAAA,WAiCA;AAAA,OA3CF;AAAA;AAAA;AAAA;AAAA,SA4CA,KA7CF;AAAA;AAAA;AAAA;AAAA,SA8CA;AAEJ;AAACnB,GA9DQH,OAAK;AAAA,UACyBH,oBAAoB;AAAA;AAAA0B,KADlDvB;AAgET,eAAeA;AAAM;AAAAwB",
      "names": [
        "useGetPhotoByIdQuery",
        "dateFormatter",
        "Spinner",
        "Modal",
        "setIsShowModal",
        "id",
        "_s",
        "data",
        "product",
        "isLoading",
        "closeModal",
        "e",
        "stopPropagation",
        "urls",
        "small",
        "background",
        "user",
        "profile_image",
        "medium",
        "name",
        "created_at",
        "likes",
        "width",
        "height",
        "color",
        "alt_description",
        "_c",
        "$RefreshReg$"
      ],
      "sources": [
        "C:/SADULLO/RS/React-2023-q1/react-components/src/components/Modal.tsx"
      ],
      "file": "C:/SADULLO/RS/React-2023-q1/react-components/src/components/Modal.tsx"
    },
    "_coverageSchema": "1a1c01bbd47fc00a2c39e90264f33305004495a9",
    "hash": "c2ecc31f203da8d5439a72191e73cff01f4d5b51"
  },
  "C:/SADULLO/RS/React-2023-q1/react-components/src/components/ProductItem.tsx": {
    "path": "C:/SADULLO/RS/React-2023-q1/react-components/src/components/ProductItem.tsx",
    "statementMap": {
      "0": {
        "start": {
          "line": 5,
          "column": 0
        },
        "end": {
          "line": 15,
          "column": 1
        }
      },
      "1": {
        "start": {
          "line": 6,
          "column": 2
        },
        "end": {
          "line": 8,
          "column": 3
        }
      },
      "2": {
        "start": {
          "line": 7,
          "column": 4
        },
        "end": {
          "line": 7,
          "column": 165
        }
      },
      "3": {
        "start": {
          "line": 9,
          "column": 2
        },
        "end": {
          "line": 9,
          "column": 39
        }
      },
      "4": {
        "start": {
          "line": 10,
          "column": 2
        },
        "end": {
          "line": 10,
          "column": 39
        }
      },
      "5": {
        "start": {
          "line": 11,
          "column": 2
        },
        "end": {
          "line": 13,
          "column": 4
        }
      },
      "6": {
        "start": {
          "line": 12,
          "column": 4
        },
        "end": {
          "line": 12,
          "column": 119
        }
      },
      "7": {
        "start": {
          "line": 14,
          "column": 2
        },
        "end": {
          "line": 14,
          "column": 75
        }
      },
      "8": {
        "start": {
          "line": 16,
          "column": 9
        },
        "end": {
          "line": 16,
          "column": 23
        }
      },
      "9": {
        "start": {
          "line": 25,
          "column": 2
        },
        "end": {
          "line": 25,
          "column": 7
        }
      },
      "10": {
        "start": {
          "line": 26,
          "column": 32
        },
        "end": {
          "line": 26,
          "column": 47
        }
      },
      "11": {
        "start": {
          "line": 27,
          "column": 40
        },
        "end": {
          "line": 27,
          "column": 55
        }
      },
      "12": {
        "start": {
          "line": 28,
          "column": 2
        },
        "end": {
          "line": 35,
          "column": 20
        }
      },
      "13": {
        "start": {
          "line": 29,
          "column": 4
        },
        "end": {
          "line": 33,
          "column": 5
        }
      },
      "14": {
        "start": {
          "line": 30,
          "column": 6
        },
        "end": {
          "line": 30,
          "column": 46
        }
      },
      "15": {
        "start": {
          "line": 32,
          "column": 6
        },
        "end": {
          "line": 32,
          "column": 44
        }
      },
      "16": {
        "start": {
          "line": 34,
          "column": 4
        },
        "end": {
          "line": 34,
          "column": 56
        }
      },
      "17": {
        "start": {
          "line": 34,
          "column": 17
        },
        "end": {
          "line": 34,
          "column": 55
        }
      },
      "18": {
        "start": {
          "line": 36,
          "column": 2
        },
        "end": {
          "line": 114,
          "column": 11
        }
      },
      "19": {
        "start": {
          "line": 47,
          "column": 103
        },
        "end": {
          "line": 47,
          "column": 123
        }
      },
      "20": {
        "start": {
          "line": 86,
          "column": 105
        },
        "end": {
          "line": 86,
          "column": 125
        }
      },
      "21": {
        "start": {
          "line": 116,
          "column": 0
        },
        "end": {
          "line": 116,
          "column": 48
        }
      },
      "22": {
        "start": {
          "line": 117,
          "column": 0
        },
        "end": {
          "line": 117,
          "column": 17
        }
      },
      "23": {
        "start": {
          "line": 120,
          "column": 0
        },
        "end": {
          "line": 120,
          "column": 32
        }
      },
      "24": {
        "start": {
          "line": 121,
          "column": 0
        },
        "end": {
          "line": 137,
          "column": 1
        }
      },
      "25": {
        "start": {
          "line": 122,
          "column": 2
        },
        "end": {
          "line": 122,
          "column": 39
        }
      },
      "26": {
        "start": {
          "line": 123,
          "column": 2
        },
        "end": {
          "line": 123,
          "column": 39
        }
      },
      "27": {
        "start": {
          "line": 124,
          "column": 2
        },
        "end": {
          "line": 136,
          "column": 5
        }
      },
      "28": {
        "start": {
          "line": 128,
          "column": 4
        },
        "end": {
          "line": 128,
          "column": 145
        }
      },
      "29": {
        "start": {
          "line": 129,
          "column": 4
        },
        "end": {
          "line": 135,
          "column": 7
        }
      },
      "30": {
        "start": {
          "line": 130,
          "column": 6
        },
        "end": {
          "line": 131,
          "column": 15
        }
      },
      "31": {
        "start": {
          "line": 131,
          "column": 8
        },
        "end": {
          "line": 131,
          "column": 15
        }
      },
      "32": {
        "start": {
          "line": 132,
          "column": 32
        },
        "end": {
          "line": 132,
          "column": 115
        }
      },
      "33": {
        "start": {
          "line": 133,
          "column": 6
        },
        "end": {
          "line": 134,
          "column": 54
        }
      },
      "34": {
        "start": {
          "line": 134,
          "column": 8
        },
        "end": {
          "line": 134,
          "column": 54
        }
      }
    },
    "fnMap": {
      "0": {
        "name": "(anonymous_0)",
        "decl": {
          "start": {
            "line": 11,
            "column": 24
          },
          "end": {
            "line": 11,
            "column": 25
          }
        },
        "loc": {
          "start": {
            "line": 11,
            "column": 38
          },
          "end": {
            "line": 13,
            "column": 3
          }
        },
        "line": 11
      },
      "1": {
        "name": "ProductItem",
        "decl": {
          "start": {
            "line": 22,
            "column": 9
          },
          "end": {
            "line": 22,
            "column": 20
          }
        },
        "loc": {
          "start": {
            "line": 24,
            "column": 3
          },
          "end": {
            "line": 115,
            "column": 1
          }
        },
        "line": 24
      },
      "2": {
        "name": "(anonymous_2)",
        "decl": {
          "start": {
            "line": 28,
            "column": 12
          },
          "end": {
            "line": 28,
            "column": 13
          }
        },
        "loc": {
          "start": {
            "line": 28,
            "column": 18
          },
          "end": {
            "line": 35,
            "column": 3
          }
        },
        "line": 28
      },
      "3": {
        "name": "(anonymous_3)",
        "decl": {
          "start": {
            "line": 34,
            "column": 11
          },
          "end": {
            "line": 34,
            "column": 12
          }
        },
        "loc": {
          "start": {
            "line": 34,
            "column": 17
          },
          "end": {
            "line": 34,
            "column": 55
          }
        },
        "line": 34
      },
      "4": {
        "name": "(anonymous_4)",
        "decl": {
          "start": {
            "line": 47,
            "column": 97
          },
          "end": {
            "line": 47,
            "column": 98
          }
        },
        "loc": {
          "start": {
            "line": 47,
            "column": 103
          },
          "end": {
            "line": 47,
            "column": 123
          }
        },
        "line": 47
      },
      "5": {
[...]
        "loc": {
          "start": {
            "line": 85,
            "column": 6
          },
          "end": {
            "line": 86,
            "column": 15
          }
        },
        "type": "if",
        "locations": [
          {
            "start": {
              "line": 85,
              "column": 6
            },
            "end": {
              "line": 86,
              "column": 15
            }
          },
          {
            "start": {},
            "end": {}
          }
        ],
        "line": 85
      },
      "4": {
        "loc": {
          "start": {
            "line": 88,
            "column": 6
          },
          "end": {
            "line": 89,
            "column": 54
          }
        },
        "type": "if",
        "locations": [
          {
            "start": {
              "line": 88,
              "column": 6
            },
            "end": {
              "line": 89,
              "column": 54
            }
          },
          {
            "start": {},
            "end": {}
          }
        ],
        "line": 88
      }
    },
    "s": {
      "0": 22,
      "1": 22,
      "2": 0,
      "3": 22,
      "4": 22,
      "5": 22,
      "6": 22,
      "7": 22,
      "8": 22,
      "9": 8,
      "10": 8,
      "11": 8,
      "12": 4,
      "13": 22,
      "14": 2,
      "15": 22,
      "16": 22,
      "17": 22,
      "18": 22,
      "19": 22,
      "20": 22,
      "21": 20,
      "22": 20,
      "23": 0,
      "24": 0,
      "25": 0,
      "26": 0,
      "27": 0
    },
    "f": {
      "0": 22,
      "1": 8,
      "2": 4,
      "3": 2,
      "4": 20,
      "5": 0
    },
    "b": {
      "0": [
        22,
        0
      ],
      "1": [
        0,
        22
      ],
      "2": [
        22,
        0
      ],
      "3": [
        0,
        0
      ],
      "4": [
        0,
        0
      ]
    },
    "inputSourceMap": {
      "version": 3,
      "mappings": "AAYU;;;;;;;;;;;;;;;;AAZV,OAAOA,UAAU;AACjB,OAAOC,WAAW;AAClB,SAASC,oBAAoB;AAC7B,SAASC,sBAAsB;AAG/B,SAASC,aAAa;AAAAC;AACpB,QAAMC,SAASH,eAAeD,YAAY;AAC1C,SACE,uBAAC,aAAQ,WAAU,UACjB,iCAAC,SAAI,WAAU,aACb,iCAAC,SAAI,WAAU,iBACb;AAAA,2BAAC,QAAG,WAAU,iBAAgB,2BAA9B;AAAA;AAAA;AAAA;AAAA,WAAyC;AAAA,IACzC,uBAAC,UAAD;AAAA;AAAA;AAAA;AAAA,WAAK;AAAA,IACL,uBAAC,SAAI,WAAU,kBACb;AAAA,6BAAC,QAAG,uBAAJ;AAAA;AAAA;AAAA;AAAA,aAAW;AAAA,MACX,uBAAC,SAAI,WAAU,SACZI,iBAAOC,IAAI,CAACC,SACX,uBAAC,SAAoB,OAAOA,QAAhBA,KAAKC,IAAjB;AAAA;AAAA;AAAA;AAAA,aAAiC,CAClC,KAHH;AAAA;AAAA;AAAA;AAAA,aAIA;AAAA,SANF;AAAA;AAAA;AAAA;AAAA,WAOA;AAAA,OAVF;AAAA;AAAA;AAAA;AAAA,SAWA,KAZF;AAAA;AAAA;AAAA;AAAA,SAaA,KAdF;AAAA;AAAA;AAAA;AAAA,SAeA;AAEJ;AAACJ,GApBQD,YAAU;AAAA,UACFD,cAAc;AAAA;AAAAO,KADtBN;AAsBT,eAAeA;AAAW;AAAAO",
      "names": [
        "Form",
        "Order",
        "selectOrders",
        "useAppSelector",
        "OrdersPage",
        "_s",
        "orders",
        "map",
        "item",
        "id",
        "_c",
        "$RefreshReg$"
      ],
      "sources": [
        "C:/SADULLO/RS/React-2023-q1/react-components/src/pages/OrdersPage.tsx"
      ],
      "file": "C:/SADULLO/RS/React-2023-q1/react-components/src/pages/OrdersPage.tsx"
    },
    "_coverageSchema": "1a1c01bbd47fc00a2c39e90264f33305004495a9",
    "hash": "045c537b901c2387869621873c021007f50a68af"
  },
  "C:/SADULLO/RS/React-2023-q1/react-components/src/pages/index.ts": {
    "path": "C:/SADULLO/RS/React-2023-q1/react-components/src/pages/index.ts",
    "statementMap": {},
    "fnMap": {},
    "branchMap": {},
    "s": {},
    "f": {},
    "b": {},
    "inputSourceMap": {
      "version": 3,
      "sources": [
        "C:/SADULLO/RS/React-2023-q1/react-components/src/pages/index.ts"
      ],
      "mappings": "AAAA,OAAO,UAAU;AACjB,OAAO,WAAW;AAClB,OAAO,cAAc;AACrB,OAAO,gBAAgB;AAEvB,SAAS,MAAM,OAAO,UAAU;",
      "names": []
    },
    "_coverageSchema": "1a1c01bbd47fc00a2c39e90264f33305004495a9",
    "hash": "35f8172f9df03b5ee33f38ad38833004b38959b3"
  },
  "C:/SADULLO/RS/React-2023-q1/react-components/src/App.tsx": {
    "path": "C:/SADULLO/RS/React-2023-q1/react-components/src/App.tsx",
    "statementMap": {
      "0": {
        "start": {
          "line": 5,
          "column": 0
        },
        "end": {
          "line": 15,
          "column": 1
        }
      },
      "1": {
        "start": {
          "line": 6,
          "column": 2
        },
        "end": {
          "line": 8,
          "column": 3
        }
      },
      "2": {
        "start": {
          "line": 7,
          "column": 4
        },
        "end": {
          "line": 7,
          "column": 165
        }
      },
      "3": {
        "start": {
          "line": 9,
          "column": 2
        },
        "end": {
          "line": 9,
          "column": 39
        }
      },
      "4": {
        "start": {
          "line": 10,
          "column": 2
        },
        "end": {
          "line": 10,
          "column": 39
        }
      },
      "5": {
        "start": {
          "line": 11,
          "column": 2
        },
        "end": {
          "line": 13,
          "column": 4
        }
      },
      "6": {
        "start": {
          "line": 12,
          "column": 4
        },
        "end": {
          "line": 12,
          "column": 100
        }
      },
      "7": {
        "start": {
          "line": 14,
          "column": 2
        },
        "end": {
          "line": 14,
          "column": 75
        }
      },
      "8": {
        "start": {
          "line": 20,
          "column": 2
        },
        "end": {
          "line": 72,
          "column": 11
        }
      },
      "9": {
        "start": {
          "line": 74,
          "column": 0
        },
        "end": {
          "line": 74,
          "column": 9
        }
      },
      "10": {
        "start": {
          "line": 77,
          "column": 0
        },
        "end": {
          "line": 77,
          "column": 24
        }
      },
      "11": {
        "start": {
          "line": 78,
          "column": 0
        },
        "end": {
          "line": 94,
          "column": 1
        }
      },
      "12": {
        "start": {
          "line": 79,
          "column": 2
        },
        "end": {
          "line": 79,
          "column": 39
        }
      },
      "13": {
        "start": {
          "line": 80,
          "column": 2
        },
        "end": {
          "line": 80,
          "column": 39
        }
      },
      "14": {
        "start": {
          "line": 81,
          "column": 2
        },
        "end": {
          "line": 93,
          "column": 5
        }
      },
      "15": {
        "start": {
          "line": 85,
          "column": 4
        },
        "end": {
          "line": 85,
          "column": 126
        }
      },
      "16": {
        "start": {
          "line": 86,
          "column": 4
        },
        "end": {
          "line": 92,
          "column": 7
        }
      },
      "17": {
        "start": {
          "line": 87,
          "column": 6
        },
        "end": {
          "line": 88,
          "column": 15
        }
      },
      "18": {
        "start": {
          "line": 88,
          "column": 8
        },
        "end": {
          "line": 88,
          "column": 15
        }
      },
      "19": {
        "start": {
          "line": 89,
          "column": 32
        },
        "end": {
          "line": 89,
          "column": 115
        }
      },
      "20": {
        "start": {
          "line": 90,
          "column": 6
        },
        "end": {
          "line": 91,
          "column": 54
        }
      },
      "21": {
        "start": {
          "line": 91,
          "column": 8
        },
        "end": {
          "line": 91,
          "column": 54
        }
      }
    },
    "fnMap": {
      "0": {
        "name": "(anonymous_0)",
        "decl": {
          "start": {
            "line": 11,
            "column": 24
          },
          "end": {
            "line": 11,
            "column": 25
          }
        },
        "loc": {
          "start": {
            "line": 11,
            "column": 38
          },
          "end": {
            "line": 13,
            "column": 3
          }
        },
        "line": 11
      },
      "1": {
        "name": "App",
        "decl": {
          "start": {
            "line": 19,
            "column": 9
          },
          "end": {
            "line": 19,
            "column": 12
          }
        },
        "loc": {
          "start": {
            "line": 19,
            "column": 15
          },
          "end": {
            "line": 73,
            "column": 1
          }
        },
        "line": 19
      },
      "2": {
        "name": "(anonymous_2)",
        "decl": {
          "start": {
            "line": 84,
            "column": 9
          },
          "end": {
            "line": 84,
            "column": 10
          }
        },
        "loc": {
          "start": {
            "line": 84,
            "column": 29
          },
          "end": {
            "line": 93,
            "column": 3
          }
        },
        "line": 84
      },
      "3": {
        "name": "(anonymous_3)",
        "decl": {
          "start": {
            "line": 86,
            "column": 27
          },
          "end": {
            "line": 86,
            "column": 28
          }
        },
        "loc": {
          "start": {
            "line": 86,
            "column": 44
          },
          "end": {
            "line": 92,
            "column": 5
          }
        },
        "line": 86
      }
    },
    "branchMap": {
      "0": {
        "loc": {
          "start": {
            "line": 5,
            "column": 0
          },
          "end": {
            "line": 15,
            "column": 1
          }
        },
        "type": "if",
        "locations": [
          {
            "start": {
              "line": 5,
              "column": 0
            },
            "end": {
              "line": 15,
              "column": 1
            }
          },
          {
            "start": {},
            "end": {}
          }
        ],
        "line": 5
      },
      "1": {
        "loc": {
          "start": {
            "line": 6,
            "column": 2
          },
          "end": {
            "line": 8,
            "column": 3
          }
        },
        "type": "if",
        "locations": [
          {
            "start": {
              "line": 6,
              "column": 2
            },
            "end": {
              "line": 8,
              "column": 3
            }
          },
          {
            "start": {},
            "end": {}
          }
        ],
        "line": 6
      },
      "2": {
        "loc": {
          "start": {
            "line": 78,
            "column": 0
          },
          "end": {
            "line": 94,
            "column": 1
          }
        },
        "type": "if",
        "locations": [
          {
            "start": {
              "line": 78,
              "column": 0
            },
            "end": {
              "line": 94,
              "column": 1
            }
          },
          {
            "start": {},
            "end": {}
          }
        ],
        "line": 78
      },
      "3": {
        "loc": {
          "start": {
            "line": 87,
            "column": 6
          },
          "end": {
            "line": 88,
            "column": 15
          }
        },
        "type": "if",
        "locations": [
          {
            "start": {
              "line": 87,
              "column": 6
            },
            "end": {
              "line": 88,
              "column": 15
            }
          },
          {
            "start": {},
            "end": {}
          }
        ],
        "line": 87
      },
      "4": {
        "loc": {
          "start": {
            "line": 90,
            "column": 6
          },
          "end": {
            "line": 91,
            "column": 54
          }
        },
        "type": "if",
        "locations": [
          {
            "start": {
              "line": 90,
              "column": 6
            },
            "end": {
              "line": 91,
              "column": 54
            }
          },
          {
            "start": {},
            "end": {}
          }
        ],
        "line": 90
      }
    },
    "s": {
      "0": 22,
      "1": 22,
      "2": 0,
      "3": 22,
      "4": 22,
      "5": 22,
      "6": 22,
      "7": 22,
      "8": 44,
      "9": 22,
      "10": 22,
      "11": 22,
      "12": 22,
      "13": 22,
      "14": 22,
      "15": 16,
      "16": 16,
      "17": 0,
      "18": 0,
      "19": 0,
      "20": 0,
      "21": 0
    },
    "f": {
      "0": 22,
      "1": 44,
      "2": 16,
      "3": 0
    },
    "b": {
      "0": [
        22,
        0
      ],
      "1": [
        0,
        22
      ],
      "2": [
        22,
        0
      ],
      "3": [
        0,
        0
      ],
      "4": [
        0,
        0
      ]
    },
    "inputSourceMap": {
      "version": 3,
      "mappings": "AAMI,mBACE,cADF;AANJ,2BAAsB;AAAQ,IAAkB;AAAA;AAAA;AAAA;AAAA;AAAA;AAAA;AAAA;AAAA;AAAA;AAAA;AAAA;AAAA;AAAA;AAChD,OAAOA,YAAY;AACnB,SAASC,MAAMC,OAAOC,UAAUC,kBAAkB;AAElD,SAASC,MAAM;AACb,SACE,mCACE;AAAA,2BAAC,YAAD;AAAA;AAAA;AAAA;AAAA,WAAO;AAAA,IACP,uBAAC,UACC;AAAA,6BAAC,SAAM,MAAK,KAAI,SAAS,uBAAC,UAAD;AAAA;AAAA;AAAA;AAAA,aAAK,KAA9B;AAAA;AAAA;AAAA;AAAA,aAAkC;AAAA,MAClC,uBAAC,SAAM,MAAK,UAAS,SAAS,uBAAC,WAAD;AAAA;AAAA;AAAA;AAAA,aAAM,KAApC;AAAA;AAAA;AAAA;AAAA,aAAwC;AAAA,MACxC,uBAAC,SAAM,MAAK,UAAS,SAAS,uBAAC,gBAAD;AAAA;AAAA;AAAA;AAAA,aAAW,KAAzC;AAAA;AAAA;AAAA;AAAA,aAA6C;AAAA,MAC7C,uBAAC,SAAM,MAAK,KAAI,SAAS,uBAAC,cAAD;AAAA;AAAA;AAAA;AAAA,aAAS,KAAlC;AAAA;AAAA;AAAA;AAAA,aAAsC;AAAA,SAJxC;AAAA;AAAA;AAAA;AAAA,WAKA;AAAA,OAPF;AAAA;AAAA;AAAA;AAAA,SAQA;AAEJ;AAACC,KAZQD;AAcT,eAAeA;AAAI;AAAAE",
      "names": [
        "Header",
        "Home",
        "About",
        "NotFound",
        "OrdersPage",
        "App",
        "_c",
        "$RefreshReg$"
      ],
      "sources": [
        "C:/SADULLO/RS/React-2023-q1/react-components/src/App.tsx"
      ],
      "file": "C:/SADULLO/RS/React-2023-q1/react-components/src/App.tsx"
    },
    "_coverageSchema": "1a1c01bbd47fc00a2c39e90264f33305004495a9",
    "hash": "53d57364b91b610e369b233d089d31730a1d9742"
  },
  "C:/SADULLO/RS/React-2023-q1/react-components/src/redux/store.ts": {
    "path": "C:/SADULLO/RS/React-2023-q1/react-components/src/redux/store.ts",
    "statementMap": {
      "0": {
        "start": {
          "line": 5,
          "column": 20
        },
        "end": {
          "line": 9,
          "column": 2
        }
      },
      "1": {
        "start": {
          "line": 10,
          "column": 26
        },
        "end": {
          "line": 18,
          "column": 1
        }
      },
      "2": {
        "start": {
          "line": 11,
          "column": 2
        },
        "end": {
          "line": 17,
          "column": 5
        }
      },
      "3": {
        "start": {
          "line": 13,
          "column": 42
        },
        "end": {
          "line": 15,
          "column": 34
        }
      }
    },
    "fnMap": {
      "0": {
        "name": "(anonymous_0)",
        "decl": {
          "start": {
            "line": 10,
            "column": 26
          },
          "end": {
            "line": 10,
            "column": 27
          }
        },
        "loc": {
          "start": {
            "line": 10,
            "column": 46
          },
          "end": {
            "line": 18,
            "column": 1
          }
        },
        "line": 10
      },
      "1": {
        "name": "(anonymous_1)",
        "decl": {
          "start": {
            "line": 13,
            "column": 16
          },
          "end": {
            "line": 13,
            "column": 17
          }
        },
        "loc": {
          "start": {
            "line": 13,
            "column": 42
          },
          "end": {
            "line": 15,
            "column": 34
          }
        },
        "line": 13
      }
    },
    "branchMap": {},
    "s": {
      "0": 22,
      "1": 22,
      "2": 22,
      "3": 22
    },
    "f": {
      "0": 22,
      "1": 22
    },
    "b": {},
    "inputSourceMap": {
      "version": 3,
      "sources": [
        "C:/SADULLO/RS/React-2023-q1/react-components/src/redux/store.ts"
      ],
      "mappings": "AAAA,SAAS,iBAAiB,sBAAsC;AAChE,OAAO,iBAAiB;AACxB,OAAO,mBAAmB;AAC1B,SAAS,gBAAgB;AAEzB,MAAM,cAAc,gBAAgB;AAAA,EAClC,MAAM;AAAA,EACN,QAAQ;AAAA,EACR,CAAC,SAAS,WAAW,GAAG,SAAS;AACnC,CAAC;AACM,aAAM,aAAa,CAAC,mBAA+C;AACxE,SAAO,eAAe;AAAA,IACpB,SAAS;AAAA,IACT,YAAY,CAAC,yBACX,qBAAqB;AAAA,MACnB,mBAAmB;AAAA,IACrB,CAAC,EAAE,OAAO,SAAS,UAAU;AAAA,IAC/B;AAAA,EACF,CAAC;AACH;",
      "names": []
    },
    "_coverageSchema": "1a1c01bbd47fc00a2c39e90264f33305004495a9",
    "hash": "47bf08e8b66b2b18e4375331cbe33a026c771d87"
  },
  "C:/SADULLO/RS/React-2023-q1/react-components/src/entry-client.tsx": {
    "path": "C:/SADULLO/RS/React-2023-q1/react-components/src/entry-client.tsx",
    "statementMap": {
      "0": {
        "start": {
          "line": 9,
          "column": 14
        },
        "end": {
          "line": 9,
          "column": 52
        }
      },
      "1": {
        "start": {
          "line": 10,
          "column": 0
        },
        "end": {
          "line": 10,
          "column": 34
        }
      },
      "2": {
        "start": {
          "line": 11,
          "column": 0
        },
        "end": {
          "line": 27,
          "column": 10
        }
      }
    },
    "fnMap": {},
    "branchMap": {},
    "s": {
      "0": 22,
      "1": 22,
      "2": 22
    },
    "f": {},
    "b": {},
    "inputSourceMap": {
      "version": 3,
      "mappings": "AAmBQ;AAlBR,OAAOA,WAAW;AAClB,OAAOC,cAAc;AACrB,SAASC,qBAAqB;AAC9B,SAASC,gBAAgB;AAEzB,OAAOC,SAAS;AAChB,OAAO;AACP,SAASC,kBAAkB;AAE3B,MAAMC,QAAQD,WAAWE,OAAOC,mBAAmB;AAEnD,OAAOD,OAAOC;AAEdP,SAASQ,YACPC,SAASC,eAAe,MAAM,GAC9B,uBAAC,MAAM,YAAN,EACC,iCAAC,iBACC,iCAAC,YAAS,OACR,iCAAC,SAAD;AAAA;AAAA;AAAA;AAAA,OAAI,KADN;AAAA;AAAA;AAAA;AAAA,OAEA,KAHF;AAAA;AAAA;AAAA;AAAA,OAIA,KALF;AAAA;AAAA;AAAA;AAAA,OAMA,CAAmB",
      "names": [
        "React",
        "ReactDOM",
        "BrowserRouter",
        "Provider",
        "App",
        "setupStore",
        "store",
        "window",
        "__PRELOADED_STATE__",
        "hydrateRoot",
        "document",
        "getElementById"
      ],
      "sources": [
        "C:/SADULLO/RS/React-2023-q1/react-components/src/entry-client.tsx"
      ],
      "file": "C:/SADULLO/RS/React-2023-q1/react-components/src/entry-client.tsx"
    },
    "_coverageSchema": "1a1c01bbd47fc00a2c39e90264f33305004495a9",
    "hash": "d384a5079733df48cb852264c2557bf3a902d438"
  },
  "C:/SADULLO/RS/React-2023-q1/react-components/src/setupTests.ts": {
    "path": "C:/SADULLO/RS/React-2023-q1/react-components/src/setupTests.ts",
    "statementMap": {},
    "fnMap": {},
    "branchMap": {},
    "s": {},
    "f": {},
    "b": {}
  },
  "C:/SADULLO/RS/React-2023-q1/react-components/src/utils/contants.ts": {
    "path": "C:/SADULLO/RS/React-2023-q1/react-components/src/utils/contants.ts",
    "statementMap": {},
    "fnMap": {},
    "branchMap": {},
    "s": {},
    "f": {},
    "b": {}
  },
  "C:/SADULLO/RS/React-2023-q1/react-components/src/entry-server.tsx": {
    "path": "C:/SADULLO/RS/React-2023-q1/react-components/src/entry-server.tsx",
    "statementMap": {},
    "fnMap": {},
    "branchMap": {},
    "s": {},
    "f": {},
    "b": {}
  },
  "C:/SADULLO/RS/React-2023-q1/react-components/src/utils/test-utils.tsx": {
    "path": "C:/SADULLO/RS/React-2023-q1/react-components/src/utils/test-utils.tsx",
    "statementMap": {},
    "fnMap": {},
    "branchMap": {},
    "s": {},
    "f": {},
    "b": {}
  }
}
