{"C:/SADULLO/RS/React-2023-q1/react-components/src/App.tsx": {"path":"C:/SADULLO/RS/React-2023-q1/react-components/src/App.tsx","statementMap":{"0":{"start":{"line":1,"column":48},"end":{"line":1,"column":null}},"1":{"start":{"line":6,"column":2},"end":{"line":15,"column":null}},"2":{"start":{"line":17,"column":1},"end":{"line":5,"column":15}},"3":{"start":{"line":19,"column":19},"end":{"line":19,"column":null}}},"fnMap":{"0":{"name":"(anonymous_0)","decl":{"start":{"line":1,"column":48},"end":{"line":1,"column":null}},"loc":{"start":{"line":1,"column":48},"end":{"line":1,"column":null}}},"1":{"name":"App","decl":{"start":{"line":5,"column":9},"end":{"line":5,"column":15}},"loc":{"start":{"line":5,"column":15},"end":{"line":17,"column":1}}}},"branchMap":{"0":{"loc":{"start":{"line":1,"column":48},"end":{"line":1,"column":null}},"type":"if","locations":[{"start":{"line":1,"column":48},"end":{"line":1,"column":null}}]}},"s":{"0":154,"1":44,"2":22,"3":22},"f":{"0":22,"1":44},"b":{"0":[22]}}
,"C:/SADULLO/RS/React-2023-q1/react-components/src/entry-client.tsx": {"path":"C:/SADULLO/RS/React-2023-q1/react-components/src/entry-client.tsx","statementMap":{"0":{"start":{"line":11,"column":14},"end":{"line":11,"column":null}},"1":{"start":{"line":13,"column":0},"end":{"line":13,"column":null}},"2":{"start":{"line":15,"column":0},"end":{"line":23,"column":null}}},"fnMap":{},"branchMap":{},"s":{"0":22,"1":22,"2":22},"f":{},"b":{}}
,"C:/SADULLO/RS/React-2023-q1/react-components/src/entry-server.tsx": {"path":"C:/SADULLO/RS/React-2023-q1/react-components/src/entry-server.tsx","statementMap":{},"fnMap":{},"branchMap":{},"s":{},"f":{},"b":{}}
,"C:/SADULLO/RS/React-2023-q1/react-components/src/setupTests.ts": {"path":"C:/SADULLO/RS/React-2023-q1/react-components/src/setupTests.ts","statementMap":{},"fnMap":{},"branchMap":{},"s":{},"f":{},"b":{}}
,"C:/SADULLO/RS/React-2023-q1/react-components/src/components/Confirmation.tsx": {"path":"C:/SADULLO/RS/React-2023-q1/react-components/src/components/Confirmation.tsx","statementMap":{"0":{"start":{"line":1,"column":24},"end":{"line":1,"column":null}},"1":{"start":{"line":2,"column":2},"end":{"line":7,"column":null}},"2":{"start":{"line":9,"column":1},"end":{"line":1,"column":24}},"3":{"start":{"line":11,"column":28},"end":{"line":11,"column":null}}},"fnMap":{"0":{"name":"(anonymous_0)","decl":{"start":{"line":1,"column":24},"end":{"line":1,"column":null}},"loc":{"start":{"line":1,"column":24},"end":{"line":1,"column":null}}}},"branchMap":{"0":{"loc":{"start":{"line":1,"column":24},"end":{"line":1,"column":null}},"type":"if","locations":[{"start":{"line":1,"column":24},"end":{"line":1,"column":null}}]}},"s":{"0":154,"1":8,"2":22,"3":22},"f":{"0":30},"b":{"0":[22]}}
,"C:/SADULLO/RS/React-2023-q1/react-components/src/components/Header.tsx": {"path":"C:/SADULLO/RS/React-2023-q1/react-components/src/components/Header.tsx","statementMap":{"0":{"start":{"line":1,"column":42},"end":{"line":1,"column":null}},"1":{"start":{"line":8,"column":27},"end":{"line":16,"column":null}},"2":{"start":{"line":9,"column":18},"end":{"line":9,"column":null}},"3":{"start":{"line":10,"column":2},"end":{"line":14,"column":null}},"4":{"start":{"line":11,"column":4},"end":{"line":11,"column":null}},"5":{"start":{"line":13,"column":4},"end":{"line":13,"column":null}},"6":{"start":{"line":15,"column":2},"end":{"line":15,"column":null}},"7":{"start":{"line":19,"column":2},"end":{"line":43,"column":null}},"8":{"start":{"line":45,"column":1},"end":{"line":18,"column":18}},"9":{"start":{"line":47,"column":22},"end":{"line":47,"column":null}}},"fnMap":{"0":{"name":"(anonymous_0)","decl":{"start":{"line":1,"column":42},"end":{"line":1,"column":null}},"loc":{"start":{"line":1,"column":42},"end":{"line":1,"column":null}}},"1":{"name":"(anonymous_1)","decl":{"start":{"line":8,"column":27},"end":{"line":8,"column":28}},"loc":{"start":{"line":8,"column":71},"end":{"line":16,"column":null}}},"2":{"name":"Header","decl":{"start":{"line":18,"column":9},"end":{"line":18,"column":18}},"loc":{"start":{"line":18,"column":18},"end":{"line":45,"column":1}}}},"branchMap":{"0":{"loc":{"start":{"line":1,"column":42},"end":{"line":1,"column":null}},"type":"if","locations":[{"start":{"line":1,"column":42},"end":{"line":1,"column":null}}]},"1":{"loc":{"start":{"line":10,"column":2},"end":{"line":14,"column":null}},"type":"if","locations":[{"start":{"line":10,"column":2},"end":{"line":14,"column":null}},{"start":{"line":12,"column":9},"end":{"line":14,"column":null}}]}},"s":{"0":154,"1":22,"2":156,"3":156,"4":48,"5":108,"6":156,"7":44,"8":22,"9":22},"f":{"0":22,"1":156,"2":44},"b":{"0":[22],"1":[48,108]}}
,"C:/SADULLO/RS/React-2023-q1/react-components/src/components/Modal.tsx": {"path":"C:/SADULLO/RS/React-2023-q1/react-components/src/components/Modal.tsx","statementMap":{"0":{"start":{"line":10,"column":51},"end":{"line":10,"column":null}},"1":{"start":{"line":11,"column":39},"end":{"line":11,"column":null}},"2":{"start":{"line":13,"column":21},"end":{"line":16,"column":null}},"3":{"start":{"line":14,"column":4},"end":{"line":14,"column":null}},"4":{"start":{"line":15,"column":4},"end":{"line":15,"column":null}},"5":{"start":{"line":18,"column":26},"end":{"line":18,"column":null}},"6":{"start":{"line":18,"column":45},"end":{"line":18,"column":null}},"7":{"start":{"line":20,"column":2},"end":{"line":20,"column":null}},"8":{"start":{"line":20,"column":17},"end":{"line":20,"column":null}},"9":{"start":{"line":21,"column":2},"end":{"line":21,"column":null}},"10":{"start":{"line":21,"column":16},"end":{"line":21,"column":null}},"11":{"start":{"line":23,"column":2},"end":{"line":70,"column":null}},"12":{"start":{"line":72,"column":1},"end":{"line":11,"column":60}},"13":{"start":{"line":10,"column":14},"end":{"line":11,"column":60}},"14":{"start":{"line":11,"column":59},"end":{"line":10,"column":14}},"15":{"start":{"line":74,"column":21},"end":{"line":74,"column":null}}},"fnMap":{"0":{"name":"Modal","decl":{"start":{"line":10,"column":9},"end":{"line":10,"column":14}},"loc":{"start":{"line":10,"column":51},"end":{"line":72,"column":1}}},"1":{"name":"(anonymous_2)","decl":{"start":{"line":13,"column":21},"end":{"line":13,"column":22}},"loc":{"start":{"line":13,"column":40},"end":{"line":16,"column":null}}},"2":{"name":"(anonymous_3)","decl":{"start":{"line":18,"column":26},"end":{"line":18,"column":27}},"loc":{"start":{"line":18,"column":45},"end":{"line":18,"column":null}}},"3":{"name":"(anonymous_4)","decl":{"start":{"line":10,"column":14},"end":{"line":10,"column":15}},"loc":{"start":{"line":10,"column":14},"end":{"line":11,"column":60}}}},"branchMap":{"0":{"loc":{"start":{"line":20,"column":2},"end":{"line":20,"column":null}},"type":"if","locations":[{"start":{"line":20,"column":2},"end":{"line":20,"column":null}}]},"1":{"loc":{"start":{"line":21,"column":2},"end":{"line":21,"column":null}},"type":"if","locations":[{"start":{"line":21,"column":2},"end":{"line":21,"column":null}}]}},"s":{"0":16,"1":16,"2":16,"3":4,"4":4,"5":16,"6":2,"7":16,"8":8,"9":8,"10":0,"11":8,"12":22,"13":2,"14":22,"15":22},"f":{"0":16,"1":4,"2":2,"3":2},"b":{"0":[8],"1":[0]}}
,"C:/SADULLO/RS/React-2023-q1/react-components/src/components/Order.tsx": {"path":"C:/SADULLO/RS/React-2023-q1/react-components/src/components/Order.tsx","statementMap":{"0":{"start":{"line":1,"column":45},"end":{"line":1,"column":null}},"1":{"start":{"line":8,"column":60},"end":{"line":8,"column":null}},"2":{"start":{"line":9,"column":2},"end":{"line":37,"column":null}},"3":{"start":{"line":39,"column":1},"end":{"line":7,"column":15}},"4":{"start":{"line":41,"column":21},"end":{"line":41,"column":null}}},"fnMap":{"0":{"name":"(anonymous_0)","decl":{"start":{"line":1,"column":45},"end":{"line":1,"column":null}},"loc":{"start":{"line":1,"column":45},"end":{"line":1,"column":null}}},"1":{"name":"Order","decl":{"start":{"line":7,"column":9},"end":{"line":7,"column":15}},"loc":{"start":{"line":7,"column":38},"end":{"line":39,"column":1}}}},"branchMap":{"0":{"loc":{"start":{"line":1,"column":45},"end":{"line":1,"column":null}},"type":"if","locations":[{"start":{"line":1,"column":45},"end":{"line":1,"column":null}}]},"1":{"loc":{"start":{"line":31,"column":11},"end":{"line":31,"column":null}},"type":"cond-expr","locations":[{"start":{"line":31,"column":19},"end":{"line":31,"column":32}},{"start":{"line":31,"column":32},"end":{"line":31,"column":null}}]}},"s":{"0":154,"1":4,"2":4,"3":22,"4":22},"f":{"0":22,"1":4},"b":{"0":[22],"1":[4,0]}}
,"C:/SADULLO/RS/React-2023-q1/react-components/src/components/Pagination.tsx": {"path":"C:/SADULLO/RS/React-2023-q1/react-components/src/components/Pagination.tsx","statementMap":{"0":{"start":{"line":8,"column":53},"end":{"line":8,"column":null}},"1":{"start":{"line":9,"column":15},"end":{"line":9,"column":null}},"2":{"start":{"line":10,"column":19},"end":{"line":10,"column":null}},"3":{"start":{"line":11,"column":2},"end":{"line":34,"column":null}},"4":{"start":{"line":17,"column":25},"end":{"line":17,"column":null}},"5":{"start":{"line":28,"column":25},"end":{"line":28,"column":null}},"6":{"start":{"line":36,"column":1},"end":{"line":10,"column":null}},"7":{"start":{"line":8,"column":19},"end":{"line":10,"column":null}},"8":{"start":{"line":10,"column":33},"end":{"line":8,"column":19}},"9":{"start":{"line":38,"column":26},"end":{"line":38,"column":null}}},"fnMap":{"0":{"name":"Pagination","decl":{"start":{"line":8,"column":9},"end":{"line":8,"column":19}},"loc":{"start":{"line":8,"column":53},"end":{"line":36,"column":1}}},"1":{"name":"(anonymous_2)","decl":{"start":{"line":17,"column":19},"end":{"line":17,"column":25}},"loc":{"start":{"line":17,"column":25},"end":{"line":17,"column":null}}},"2":{"name":"(anonymous_3)","decl":{"start":{"line":28,"column":19},"end":{"line":28,"column":25}},"loc":{"start":{"line":28,"column":25},"end":{"line":28,"column":null}}},"3":{"name":"(anonymous_4)","decl":{"start":{"line":8,"column":19},"end":{"line":8,"column":20}},"loc":{"start":{"line":8,"column":19},"end":{"line":10,"column":null}}}},"branchMap":{"0":{"loc":{"start":{"line":16,"column":21},"end":{"line":16,"column":null}},"type":"cond-expr","locations":[{"start":{"line":16,"column":34},"end":{"line":16,"column":67}},{"start":{"line":16,"column":67},"end":{"line":16,"column":null}}]},"1":{"loc":{"start":{"line":27,"column":21},"end":{"line":27,"column":null}},"type":"cond-expr","locations":[{"start":{"line":27,"column":43},"end":{"line":27,"column":76}},{"start":{"line":27,"column":76},"end":{"line":27,"column":null}}]}},"s":{"0":36,"1":36,"2":36,"3":36,"4":2,"5":6,"6":22,"7":4,"8":22,"9":22},"f":{"0":36,"1":2,"2":6,"3":4},"b":{"0":[20,16],"1":[4,32]}}
,"C:/SADULLO/RS/React-2023-q1/react-components/src/components/ProductItem.tsx": {"path":"C:/SADULLO/RS/React-2023-q1/react-components/src/components/ProductItem.tsx","statementMap":{"0":{"start":{"line":12,"column":48},"end":{"line":12,"column":null}},"1":{"start":{"line":13,"column":32},"end":{"line":13,"column":null}},"2":{"start":{"line":14,"column":40},"end":{"line":14,"column":null}},"3":{"start":{"line":16,"column":2},"end":{"line":23,"column":null}},"4":{"start":{"line":17,"column":4},"end":{"line":21,"column":null}},"5":{"start":{"line":18,"column":6},"end":{"line":18,"column":null}},"6":{"start":{"line":20,"column":6},"end":{"line":20,"column":null}},"7":{"start":{"line":22,"column":4},"end":{"line":22,"column":null}},"8":{"start":{"line":22,"column":17},"end":{"line":22,"column":null}},"9":{"start":{"line":25,"column":2},"end":{"line":56,"column":null}},"10":{"start":{"line":33,"column":27},"end":{"line":33,"column":null}},"11":{"start":{"line":48,"column":27},"end":{"line":48,"column":null}},"12":{"start":{"line":58,"column":1},"end":{"line":12,"column":21}},"13":{"start":{"line":12,"column":20},"end":{"line":null,"column":-1}},"14":{"start":{"line":60,"column":27},"end":{"line":60,"column":null}}},"fnMap":{"0":{"name":"ProductItem","decl":{"start":{"line":12,"column":9},"end":{"line":12,"column":20}},"loc":{"start":{"line":12,"column":48},"end":{"line":58,"column":1}}},"1":{"name":"(anonymous_2)","decl":{"start":{"line":16,"column":12},"end":{"line":16,"column":18}},"loc":{"start":{"line":16,"column":18},"end":{"line":23,"column":5}}},"2":{"name":"(anonymous_3)","decl":{"start":{"line":22,"column":11},"end":{"line":22,"column":17}},"loc":{"start":{"line":22,"column":17},"end":{"line":22,"column":null}}},"3":{"name":"(anonymous_4)","decl":{"start":{"line":33,"column":21},"end":{"line":33,"column":27}},"loc":{"start":{"line":33,"column":27},"end":{"line":33,"column":null}}},"4":{"name":"(anonymous_5)","decl":{"start":{"line":48,"column":21},"end":{"line":48,"column":27}},"loc":{"start":{"line":48,"column":27},"end":{"line":48,"column":null}}}},"branchMap":{"0":{"loc":{"start":{"line":17,"column":4},"end":{"line":21,"column":null}},"type":"if","locations":[{"start":{"line":17,"column":4},"end":{"line":21,"column":null}},{"start":{"line":19,"column":11},"end":{"line":21,"column":null}}]},"1":{"loc":{"start":{"line":36,"column":22},"end":{"line":36,"column":55}},"type":"cond-expr","locations":[{"start":{"line":36,"column":32},"end":{"line":36,"column":44}},{"start":{"line":36,"column":44},"end":{"line":36,"column":55}}]},"2":{"loc":{"start":{"line":55,"column":7},"end":{"line":55,"column":null}},"type":"binary-expr","locations":[{"start":{"line":55,"column":7},"end":{"line":55,"column":22}},{"start":{"line":55,"column":22},"end":{"line":55,"column":null}}]}},"s":{"0":376,"1":376,"2":376,"3":376,"4":356,"5":4,"6":352,"7":356,"8":316,"9":376,"10":0,"11":4,"12":22,"13":22,"14":22},"f":{"0":376,"1":356,"2":316,"3":0,"4":4},"b":{"0":[4,352],"1":[0,376],"2":[376,8]}}
,"C:/SADULLO/RS/React-2023-q1/react-components/src/components/Products.tsx": {"path":"C:/SADULLO/RS/React-2023-q1/react-components/src/components/Products.tsx","statementMap":{"0":{"start":{"line":9,"column":20},"end":{"line":9,"column":null}},"1":{"start":{"line":10,"column":34},"end":{"line":10,"column":null}},"2":{"start":{"line":12,"column":58},"end":{"line":18,"column":null}},"3":{"start":{"line":21,"column":14},"end":{"line":21,"column":null}},"4":{"start":{"line":24,"column":2},"end":{"line":26,"column":null}},"5":{"start":{"line":25,"column":4},"end":{"line":25,"column":null}},"6":{"start":{"line":28,"column":2},"end":{"line":46,"column":null}},"7":{"start":{"line":29,"column":4},"end":{"line":29,"column":null}},"8":{"start":{"line":30,"column":2},"end":{"line":46,"column":null}},"9":{"start":{"line":31,"column":59},"end":{"line":31,"column":null}},"10":{"start":{"line":32,"column":4},"end":{"line":44,"column":null}},"11":{"start":{"line":40,"column":46},"end":{"line":40,"column":96}},"12":{"start":{"line":47,"column":2},"end":{"line":51,"column":null}},"13":{"start":{"line":53,"column":1},"end":{"line":12,"column":null}},"14":{"start":{"line":9,"column":17},"end":{"line":12,"column":null}},"15":{"start":{"line":12,"column":75},"end":{"line":9,"column":17}},"16":{"start":{"line":55,"column":24},"end":{"line":55,"column":null}}},"fnMap":{"0":{"name":"Products","decl":{"start":{"line":9,"column":9},"end":{"line":9,"column":17}},"loc":{"start":{"line":9,"column":20},"end":{"line":53,"column":1}}},"1":{"name":"(anonymous_2)","decl":{"start":{"line":40,"column":25},"end":{"line":40,"column":26}},"loc":{"start":{"line":40,"column":46},"end":{"line":40,"column":96}}},"2":{"name":"(anonymous_3)","decl":{"start":{"line":9,"column":17},"end":{"line":9,"column":20}},"loc":{"start":{"line":9,"column":17},"end":{"line":12,"column":null}}}},"branchMap":{"0":{"loc":{"start":{"line":24,"column":2},"end":{"line":26,"column":null}},"type":"if","locations":[{"start":{"line":24,"column":2},"end":{"line":26,"column":null}}]},"1":{"loc":{"start":{"line":28,"column":2},"end":{"line":46,"column":null}},"type":"if","locations":[{"start":{"line":28,"column":2},"end":{"line":46,"column":null}},{"start":{"line":30,"column":2},"end":{"line":46,"column":null}}]},"2":{"loc":{"start":{"line":29,"column":44},"end":{"line":29,"column":77}},"type":"binary-expr","locations":[{"start":{"line":29,"column":44},"end":{"line":29,"column":67}},{"start":{"line":29,"column":67},"end":{"line":29,"column":77}}]},"3":{"loc":{"start":{"line":30,"column":2},"end":{"line":46,"column":null}},"type":"if","locations":[{"start":{"line":30,"column":2},"end":{"line":46,"column":null}}]},"4":{"loc":{"start":{"line":30,"column":13},"end":{"line":30,"column":32}},"type":"binary-expr","locations":[{"start":{"line":30,"column":13},"end":{"line":30,"column":26}},{"start":{"line":30,"column":26},"end":{"line":30,"column":32}}]},"5":{"loc":{"start":{"line":35,"column":11},"end":{"line":40,"column":null}},"type":"cond-expr","locations":[{"start":{"line":36,"column":12},"end":{"line":38,"column":null}},{"start":{"line":40,"column":12},"end":{"line":40,"column":null}}]},"6":{"loc":{"start":{"line":43,"column":9},"end":{"line":43,"column":null}},"type":"binary-expr","locations":[{"start":{"line":43,"column":9},"end":{"line":43,"column":29}},{"start":{"line":43,"column":29},"end":{"line":43,"column":null}}]},"7":{"loc":{"start":{"line":50,"column":7},"end":{"line":50,"column":null}},"type":"binary-expr","locations":[{"start":{"line":50,"column":7},"end":{"line":50,"column":21}},{"start":{"line":50,"column":21},"end":{"line":50,"column":null}}]}},"s":{"0":116,"1":116,"2":116,"3":116,"4":116,"5":32,"6":116,"7":0,"8":116,"9":40,"10":40,"11":360,"12":116,"13":22,"14":16,"15":22,"16":22},"f":{"0":116,"1":360,"2":16},"b":{"0":[32],"1":[0,116],"2":[0,0],"3":[40],"4":[116,40],"5":[4,36],"6":[40,36],"7":[116,56]}}
,"C:/SADULLO/RS/React-2023-q1/react-components/src/components/Search.tsx": {"path":"C:/SADULLO/RS/React-2023-q1/react-components/src/components/Search.tsx","statementMap":{"0":{"start":{"line":5,"column":18},"end":{"line":5,"column":null}},"1":{"start":{"line":6,"column":30},"end":{"line":6,"column":null}},"2":{"start":{"line":7,"column":19},"end":{"line":7,"column":null}},"3":{"start":{"line":9,"column":22},"end":{"line":9,"column":null}},"4":{"start":{"line":11,"column":38},"end":{"line":11,"column":null}},"5":{"start":{"line":13,"column":2},"end":{"line":15,"column":null}},"6":{"start":{"line":14,"column":4},"end":{"line":14,"column":null}},"7":{"start":{"line":17,"column":2},"end":{"line":24,"column":null}},"8":{"start":{"line":18,"column":4},"end":{"line":22,"column":null}},"9":{"start":{"line":19,"column":6},"end":{"line":21,"column":null}},"10":{"start":{"line":20,"column":8},"end":{"line":20,"column":null}},"11":{"start":{"line":26,"column":23},"end":{"line":32,"column":null}},"12":{"start":{"line":27,"column":4},"end":{"line":27,"column":null}},"13":{"start":{"line":28,"column":4},"end":{"line":31,"column":null}},"14":{"start":{"line":29,"column":6},"end":{"line":29,"column":null}},"15":{"start":{"line":30,"column":6},"end":{"line":30,"column":null}},"16":{"start":{"line":34,"column":2},"end":{"line":47,"column":null}},"17":{"start":{"line":41,"column":25},"end":{"line":41,"column":null}},"18":{"start":{"line":49,"column":1},"end":{"line":7,"column":null}},"19":{"start":{"line":5,"column":15},"end":{"line":7,"column":null}},"20":{"start":{"line":7,"column":33},"end":{"line":5,"column":15}},"21":{"start":{"line":51,"column":22},"end":{"line":51,"column":null}}},"fnMap":{"0":{"name":"Search","decl":{"start":{"line":5,"column":9},"end":{"line":5,"column":15}},"loc":{"start":{"line":5,"column":18},"end":{"line":49,"column":1}}},"1":{"name":"(anonymous_2)","decl":{"start":{"line":13,"column":12},"end":{"line":13,"column":18}},"loc":{"start":{"line":13,"column":18},"end":{"line":15,"column":5}}},"2":{"name":"(anonymous_3)","decl":{"start":{"line":17,"column":12},"end":{"line":17,"column":18}},"loc":{"start":{"line":17,"column":18},"end":{"line":24,"column":5}}},"3":{"name":"(anonymous_4)","decl":{"start":{"line":18,"column":11},"end":{"line":18,"column":17}},"loc":{"start":{"line":18,"column":17},"end":{"line":22,"column":null}}},"4":{"name":"(anonymous_5)","decl":{"start":{"line":26,"column":23},"end":{"line":26,"column":24}},"loc":{"start":{"line":26,"column":41},"end":{"line":32,"column":null}}},"5":{"name":"(anonymous_6)","decl":{"start":{"line":41,"column":19},"end":{"line":41,"column":25}},"loc":{"start":{"line":41,"column":25},"end":{"line":41,"column":null}}},"6":{"name":"(anonymous_7)","decl":{"start":{"line":5,"column":15},"end":{"line":5,"column":18}},"loc":{"start":{"line":5,"column":15},"end":{"line":7,"column":null}}}},"branchMap":{"0":{"loc":{"start":{"line":19,"column":6},"end":{"line":21,"column":null}},"type":"if","locations":[{"start":{"line":19,"column":6},"end":{"line":21,"column":null}}]},"1":{"loc":{"start":{"line":28,"column":4},"end":{"line":31,"column":null}},"type":"if","locations":[{"start":{"line":28,"column":4},"end":{"line":31,"column":null}}]}},"s":{"0":308,"1":308,"2":308,"3":308,"4":308,"5":308,"6":166,"7":308,"8":36,"9":20,"10":2,"11":308,"12":6,"13":6,"14":6,"15":6,"16":308,"17":130,"18":22,"19":16,"20":22,"21":22},"f":{"0":308,"1":166,"2":36,"3":20,"4":6,"5":130,"6":16},"b":{"0":[2],"1":[6]}}
,"C:/SADULLO/RS/React-2023-q1/react-components/src/components/SortBy.tsx": {"path":"C:/SADULLO/RS/React-2023-q1/react-components/src/components/SortBy.tsx","statementMap":{"0":{"start":{"line":4,"column":18},"end":{"line":4,"column":null}},"1":{"start":{"line":5,"column":19},"end":{"line":5,"column":null}},"2":{"start":{"line":6,"column":2},"end":{"line":20,"column":null}},"3":{"start":{"line":13,"column":27},"end":{"line":13,"column":null}},"4":{"start":{"line":22,"column":1},"end":{"line":5,"column":null}},"5":{"start":{"line":4,"column":15},"end":{"line":5,"column":null}},"6":{"start":{"line":5,"column":33},"end":{"line":4,"column":15}},"7":{"start":{"line":24,"column":22},"end":{"line":24,"column":null}}},"fnMap":{"0":{"name":"SortBy","decl":{"start":{"line":4,"column":9},"end":{"line":4,"column":15}},"loc":{"start":{"line":4,"column":18},"end":{"line":22,"column":1}}},"1":{"name":"(anonymous_2)","decl":{"start":{"line":13,"column":21},"end":{"line":13,"column":27}},"loc":{"start":{"line":13,"column":27},"end":{"line":13,"column":null}}},"2":{"name":"(anonymous_3)","decl":{"start":{"line":4,"column":15},"end":{"line":4,"column":18}},"loc":{"start":{"line":4,"column":15},"end":{"line":5,"column":null}}}},"branchMap":{},"s":{"0":36,"1":36,"2":36,"3":2,"4":22,"5":16,"6":22,"7":22},"f":{"0":36,"1":2,"2":16},"b":{}}
,"C:/SADULLO/RS/React-2023-q1/react-components/src/components/Spinner.tsx": {"path":"C:/SADULLO/RS/React-2023-q1/react-components/src/components/Spinner.tsx","statementMap":{"0":{"start":{"line":1,"column":19},"end":{"line":1,"column":null}},"1":{"start":{"line":2,"column":2},"end":{"line":9,"column":null}},"2":{"start":{"line":11,"column":1},"end":{"line":1,"column":19}},"3":{"start":{"line":13,"column":23},"end":{"line":13,"column":null}}},"fnMap":{"0":{"name":"(anonymous_0)","decl":{"start":{"line":1,"column":19},"end":{"line":1,"column":null}},"loc":{"start":{"line":1,"column":19},"end":{"line":1,"column":null}}}},"branchMap":{"0":{"loc":{"start":{"line":1,"column":19},"end":{"line":1,"column":null}},"type":"if","locations":[{"start":{"line":1,"column":19},"end":{"line":1,"column":null}}]}},"s":{"0":154,"1":64,"2":22,"3":22},"f":{"0":86},"b":{"0":[22]}}
,"C:\\SADULLO\\RS\\React-2023-q1\\react-components\\src\\components\\index.ts": {"path":"C:\\SADULLO\\RS\\React-2023-q1\\react-components\\src\\components\\index.ts","statementMap":{},"fnMap":{},"branchMap":{},"s":{},"f":{},"b":{},"all":true}
,"C:/SADULLO/RS/React-2023-q1/react-components/src/components/Form/Form.tsx": {"path":"C:/SADULLO/RS/React-2023-q1/react-components/src/components/Form/Form.tsx","statementMap":{"0":{"start":{"line":16,"column":16},"end":{"line":16,"column":null}},"1":{"start":{"line":17,"column":19},"end":{"line":17,"column":null}},"2":{"start":{"line":18,"column":36},"end":{"line":18,"column":null}},"3":{"start":{"line":19,"column":18},"end":{"line":19,"column":null}},"4":{"start":{"line":25,"column":6},"end":{"line":25,"column":null}},"5":{"start":{"line":27,"column":2},"end":{"line":31,"column":null}},"6":{"start":{"line":28,"column":4},"end":{"line":30,"column":null}},"7":{"start":{"line":29,"column":6},"end":{"line":29,"column":null}},"8":{"start":{"line":33,"column":46},"end":{"line":48,"column":null}},"9":{"start":{"line":34,"column":4},"end":{"line":34,"column":null}},"10":{"start":{"line":36,"column":4},"end":{"line":40,"column":null}},"11":{"start":{"line":43,"column":4},"end":{"line":43,"column":null}},"12":{"start":{"line":45,"column":4},"end":{"line":47,"column":null}},"13":{"start":{"line":46,"column":6},"end":{"line":46,"column":null}},"14":{"start":{"line":50,"column":2},"end":{"line":64,"column":null}},"15":{"start":{"line":66,"column":1},"end":{"line":19,"column":36}},"16":{"start":{"line":16,"column":13},"end":{"line":19,"column":36}},"17":{"start":{"line":19,"column":25},"end":{"line":16,"column":13}},"18":{"start":{"line":68,"column":20},"end":{"line":68,"column":null}}},"fnMap":{"0":{"name":"Form","decl":{"start":{"line":16,"column":9},"end":{"line":16,"column":13}},"loc":{"start":{"line":16,"column":16},"end":{"line":66,"column":1}}},"1":{"name":"(anonymous_2)","decl":{"start":{"line":27,"column":12},"end":{"line":27,"column":18}},"loc":{"start":{"line":27,"column":18},"end":{"line":31,"column":5}}},"2":{"name":"(anonymous_3)","decl":{"start":{"line":33,"column":46},"end":{"line":33,"column":55}},"loc":{"start":{"line":33,"column":55},"end":{"line":48,"column":null}}},"3":{"name":"(anonymous_4)","decl":{"start":{"line":45,"column":15},"end":{"line":45,"column":21}},"loc":{"start":{"line":45,"column":21},"end":{"line":47,"column":7}}},"4":{"name":"(anonymous_5)","decl":{"start":{"line":16,"column":13},"end":{"line":16,"column":16}},"loc":{"start":{"line":16,"column":13},"end":{"line":19,"column":36}}}},"branchMap":{"0":{"loc":{"start":{"line":28,"column":4},"end":{"line":30,"column":null}},"type":"if","locations":[{"start":{"line":28,"column":4},"end":{"line":30,"column":null}}]},"1":{"loc":{"start":{"line":62,"column":9},"end":{"line":62,"column":null}},"type":"binary-expr","locations":[{"start":{"line":62,"column":9},"end":{"line":62,"column":22}},{"start":{"line":62,"column":22},"end":{"line":62,"column":null}}]}},"s":{"0":76,"1":76,"2":76,"3":76,"4":76,"5":76,"6":8,"7":2,"8":76,"9":2,"10":2,"11":2,"12":2,"13":0,"14":76,"15":22,"16":2,"17":22,"18":22},"f":{"0":76,"1":8,"2":2,"3":0,"4":2},"b":{"0":[2],"1":[76,8]}}
,"C:/SADULLO/RS/React-2023-q1/react-components/src/components/Form/FormComponents/AgreeCheckbox.tsx": {"path":"C:/SADULLO/RS/React-2023-q1/react-components/src/components/Form/FormComponents/AgreeCheckbox.tsx","statementMap":{"0":{"start":{"line":3,"column":25},"end":{"line":3,"column":null}},"1":{"start":{"line":7,"column":6},"end":{"line":7,"column":null}},"2":{"start":{"line":9,"column":2},"end":{"line":14,"column":null}},"3":{"start":{"line":16,"column":1},"end":{"line":7,"column":null}},"4":{"start":{"line":3,"column":22},"end":{"line":7,"column":null}},"5":{"start":{"line":7,"column":20},"end":{"line":3,"column":22}},"6":{"start":{"line":18,"column":29},"end":{"line":18,"column":null}}},"fnMap":{"0":{"name":"AgreeCheckbox","decl":{"start":{"line":3,"column":9},"end":{"line":3,"column":22}},"loc":{"start":{"line":3,"column":25},"end":{"line":16,"column":1}}},"1":{"name":"(anonymous_2)","decl":{"start":{"line":3,"column":22},"end":{"line":3,"column":25}},"loc":{"start":{"line":3,"column":22},"end":{"line":7,"column":null}}}},"branchMap":{"0":{"loc":{"start":{"line":13,"column":7},"end":{"line":13,"column":null}},"type":"binary-expr","locations":[{"start":{"line":13,"column":7},"end":{"line":13,"column":23}},{"start":{"line":13,"column":23},"end":{"line":13,"column":null}}]}},"s":{"0":76,"1":76,"2":76,"3":22,"4":2,"5":22,"6":22},"f":{"0":76,"1":2},"b":{"0":[76,56]}}
,"C:/SADULLO/RS/React-2023-q1/react-components/src/components/Form/FormComponents/CountrySelect.tsx": {"path":"C:/SADULLO/RS/React-2023-q1/react-components/src/components/Form/FormComponents/CountrySelect.tsx","statementMap":{"0":{"start":{"line":3,"column":25},"end":{"line":3,"column":null}},"1":{"start":{"line":7,"column":6},"end":{"line":7,"column":null}},"2":{"start":{"line":9,"column":2},"end":{"line":27,"column":null}},"3":{"start":{"line":29,"column":1},"end":{"line":7,"column":null}},"4":{"start":{"line":3,"column":22},"end":{"line":7,"column":null}},"5":{"start":{"line":7,"column":20},"end":{"line":3,"column":22}},"6":{"start":{"line":31,"column":29},"end":{"line":31,"column":null}}},"fnMap":{"0":{"name":"CountrySelect","decl":{"start":{"line":3,"column":9},"end":{"line":3,"column":22}},"loc":{"start":{"line":3,"column":25},"end":{"line":29,"column":1}}},"1":{"name":"(anonymous_2)","decl":{"start":{"line":3,"column":22},"end":{"line":3,"column":25}},"loc":{"start":{"line":3,"column":22},"end":{"line":7,"column":null}}}},"branchMap":{"0":{"loc":{"start":{"line":26,"column":7},"end":{"line":26,"column":null}},"type":"binary-expr","locations":[{"start":{"line":26,"column":7},"end":{"line":26,"column":25}},{"start":{"line":26,"column":25},"end":{"line":26,"column":null}}]}},"s":{"0":76,"1":76,"2":76,"3":22,"4":2,"5":22,"6":22},"f":{"0":76,"1":2},"b":{"0":[76,40]}}
,"C:/SADULLO/RS/React-2023-q1/react-components/src/components/Form/FormComponents/DateInput.tsx": {"path":"C:/SADULLO/RS/React-2023-q1/react-components/src/components/Form/FormComponents/DateInput.tsx","statementMap":{"0":{"start":{"line":3,"column":21},"end":{"line":8,"column":null}},"1":{"start":{"line":4,"column":22},"end":{"line":4,"column":null}},"2":{"start":{"line":5,"column":23},"end":{"line":5,"column":null}},"3":{"start":{"line":7,"column":2},"end":{"line":7,"column":null}},"4":{"start":{"line":10,"column":21},"end":{"line":10,"column":null}},"5":{"start":{"line":14,"column":6},"end":{"line":14,"column":null}},"6":{"start":{"line":16,"column":2},"end":{"line":31,"column":null}},"7":{"start":{"line":22,"column":68},"end":{"line":22,"column":88}},"8":{"start":{"line":33,"column":1},"end":{"line":14,"column":null}},"9":{"start":{"line":10,"column":18},"end":{"line":14,"column":null}},"10":{"start":{"line":14,"column":20},"end":{"line":10,"column":18}},"11":{"start":{"line":35,"column":25},"end":{"line":35,"column":null}}},"fnMap":{"0":{"name":"(anonymous_1)","decl":{"start":{"line":3,"column":21},"end":{"line":3,"column":22}},"loc":{"start":{"line":3,"column":39},"end":{"line":8,"column":null}}},"1":{"name":"DateInput","decl":{"start":{"line":10,"column":9},"end":{"line":10,"column":18}},"loc":{"start":{"line":10,"column":21},"end":{"line":33,"column":1}}},"2":{"name":"(anonymous_3)","decl":{"start":{"line":22,"column":58},"end":{"line":22,"column":68}},"loc":{"start":{"line":22,"column":68},"end":{"line":22,"column":88}}},"3":{"name":"(anonymous_4)","decl":{"start":{"line":10,"column":18},"end":{"line":10,"column":21}},"loc":{"start":{"line":10,"column":18},"end":{"line":14,"column":null}}}},"branchMap":{"0":{"loc":{"start":{"line":25,"column":7},"end":{"line":26,"column":null}},"type":"binary-expr","locations":[{"start":{"line":25,"column":7},"end":{"line":25,"column":null}},{"start":{"line":26,"column":8},"end":{"line":26,"column":null}}]},"1":{"loc":{"start":{"line":28,"column":7},"end":{"line":29,"column":null}},"type":"binary-expr","locations":[{"start":{"line":28,"column":7},"end":{"line":28,"column":null}},{"start":{"line":29,"column":8},"end":{"line":29,"column":null}}]}},"s":{"0":22,"1":4,"2":4,"3":4,"4":76,"5":76,"6":76,"7":4,"8":22,"9":2,"10":22,"11":22},"f":{"0":4,"1":76,"2":4,"3":2},"b":{"0":[76,44],"1":[76,0]}}
,"C:/SADULLO/RS/React-2023-q1/react-components/src/components/Form/FormComponents/FileInput.tsx": {"path":"C:/SADULLO/RS/React-2023-q1/react-components/src/components/Form/FormComponents/FileInput.tsx","statementMap":{"0":{"start":{"line":3,"column":21},"end":{"line":3,"column":null}},"1":{"start":{"line":7,"column":6},"end":{"line":7,"column":null}},"2":{"start":{"line":9,"column":2},"end":{"line":19,"column":null}},"3":{"start":{"line":21,"column":1},"end":{"line":7,"column":null}},"4":{"start":{"line":3,"column":18},"end":{"line":7,"column":null}},"5":{"start":{"line":7,"column":20},"end":{"line":3,"column":18}},"6":{"start":{"line":23,"column":25},"end":{"line":23,"column":null}}},"fnMap":{"0":{"name":"FileInput","decl":{"start":{"line":3,"column":9},"end":{"line":3,"column":18}},"loc":{"start":{"line":3,"column":21},"end":{"line":21,"column":1}}},"1":{"name":"(anonymous_2)","decl":{"start":{"line":3,"column":18},"end":{"line":3,"column":21}},"loc":{"start":{"line":3,"column":18},"end":{"line":7,"column":null}}}},"branchMap":{"0":{"loc":{"start":{"line":18,"column":7},"end":{"line":18,"column":null}},"type":"binary-expr","locations":[{"start":{"line":18,"column":7},"end":{"line":18,"column":22}},{"start":{"line":18,"column":22},"end":{"line":18,"column":null}}]}},"s":{"0":76,"1":76,"2":76,"3":22,"4":2,"5":22,"6":22},"f":{"0":76,"1":2},"b":{"0":[76,48]}}
,"C:/SADULLO/RS/React-2023-q1/react-components/src/components/Form/FormComponents/NameInput.tsx": {"path":"C:/SADULLO/RS/React-2023-q1/react-components/src/components/Form/FormComponents/NameInput.tsx","statementMap":{"0":{"start":{"line":3,"column":21},"end":{"line":3,"column":null}},"1":{"start":{"line":7,"column":6},"end":{"line":7,"column":null}},"2":{"start":{"line":9,"column":2},"end":{"line":23,"column":null}},"3":{"start":{"line":25,"column":1},"end":{"line":7,"column":null}},"4":{"start":{"line":3,"column":18},"end":{"line":7,"column":null}},"5":{"start":{"line":7,"column":20},"end":{"line":3,"column":18}},"6":{"start":{"line":27,"column":25},"end":{"line":27,"column":null}}},"fnMap":{"0":{"name":"NameInput","decl":{"start":{"line":3,"column":9},"end":{"line":3,"column":18}},"loc":{"start":{"line":3,"column":21},"end":{"line":25,"column":1}}},"1":{"name":"(anonymous_2)","decl":{"start":{"line":3,"column":18},"end":{"line":3,"column":21}},"loc":{"start":{"line":3,"column":18},"end":{"line":7,"column":null}}}},"branchMap":{"0":{"loc":{"start":{"line":18,"column":7},"end":{"line":18,"column":null}},"type":"binary-expr","locations":[{"start":{"line":18,"column":7},"end":{"line":18,"column":43}},{"start":{"line":18,"column":43},"end":{"line":18,"column":null}}]},"1":{"loc":{"start":{"line":19,"column":7},"end":{"line":20,"column":null}},"type":"binary-expr","locations":[{"start":{"line":19,"column":7},"end":{"line":19,"column":null}},{"start":{"line":20,"column":8},"end":{"line":20,"column":null}}]},"2":{"loc":{"start":{"line":22,"column":7},"end":{"line":22,"column":null}},"type":"binary-expr","locations":[{"start":{"line":22,"column":7},"end":{"line":22,"column":44}},{"start":{"line":22,"column":44},"end":{"line":22,"column":null}}]}},"s":{"0":76,"1":76,"2":76,"3":22,"4":2,"5":22,"6":22},"f":{"0":76,"1":2},"b":{"0":[76,12],"1":[76,8],"2":[76,16]}}
,"C:/SADULLO/RS/React-2023-q1/react-components/src/components/Form/FormComponents/PaymentRadio.tsx": {"path":"C:/SADULLO/RS/React-2023-q1/react-components/src/components/Form/FormComponents/PaymentRadio.tsx","statementMap":{"0":{"start":{"line":3,"column":24},"end":{"line":3,"column":null}},"1":{"start":{"line":7,"column":6},"end":{"line":7,"column":null}},"2":{"start":{"line":9,"column":2},"end":{"line":32,"column":null}},"3":{"start":{"line":34,"column":1},"end":{"line":7,"column":null}},"4":{"start":{"line":3,"column":21},"end":{"line":7,"column":null}},"5":{"start":{"line":7,"column":20},"end":{"line":3,"column":21}},"6":{"start":{"line":36,"column":28},"end":{"line":36,"column":null}}},"fnMap":{"0":{"name":"PaymentRadio","decl":{"start":{"line":3,"column":9},"end":{"line":3,"column":21}},"loc":{"start":{"line":3,"column":24},"end":{"line":34,"column":1}}},"1":{"name":"(anonymous_2)","decl":{"start":{"line":3,"column":21},"end":{"line":3,"column":24}},"loc":{"start":{"line":3,"column":21},"end":{"line":7,"column":null}}}},"branchMap":{"0":{"loc":{"start":{"line":31,"column":7},"end":{"line":31,"column":null}},"type":"binary-expr","locations":[{"start":{"line":31,"column":7},"end":{"line":31,"column":29}},{"start":{"line":31,"column":29},"end":{"line":31,"column":null}}]}},"s":{"0":76,"1":76,"2":76,"3":22,"4":2,"5":22,"6":22},"f":{"0":76,"1":2},"b":{"0":[76,52]}}
,"C:\\SADULLO\\RS\\React-2023-q1\\react-components\\src\\components\\Form\\FormComponents\\index.ts": {"path":"C:\\SADULLO\\RS\\React-2023-q1\\react-components\\src\\components\\Form\\FormComponents\\index.ts","statementMap":{},"fnMap":{},"branchMap":{},"s":{},"f":{},"b":{},"all":true}
,"C:/SADULLO/RS/React-2023-q1/react-components/src/pages/About.tsx": {"path":"C:/SADULLO/RS/React-2023-q1/react-components/src/pages/About.tsx","statementMap":{"0":{"start":{"line":1,"column":17},"end":{"line":1,"column":null}},"1":{"start":{"line":2,"column":2},"end":{"line":9,"column":null}},"2":{"start":{"line":11,"column":1},"end":{"line":1,"column":17}},"3":{"start":{"line":13,"column":21},"end":{"line":13,"column":null}}},"fnMap":{"0":{"name":"(anonymous_0)","decl":{"start":{"line":1,"column":17},"end":{"line":1,"column":null}},"loc":{"start":{"line":1,"column":17},"end":{"line":1,"column":null}}}},"branchMap":{"0":{"loc":{"start":{"line":1,"column":17},"end":{"line":1,"column":null}},"type":"if","locations":[{"start":{"line":1,"column":17},"end":{"line":1,"column":null}}]}},"s":{"0":154,"1":8,"2":22,"3":22},"f":{"0":30},"b":{"0":[22]}}
,"C:/SADULLO/RS/React-2023-q1/react-components/src/pages/Home.tsx": {"path":"C:/SADULLO/RS/React-2023-q1/react-components/src/pages/Home.tsx","statementMap":{"0":{"start":{"line":1,"column":56},"end":{"line":1,"column":null}},"1":{"start":{"line":4,"column":2},"end":{"line":16,"column":null}},"2":{"start":{"line":18,"column":1},"end":{"line":3,"column":16}},"3":{"start":{"line":20,"column":20},"end":{"line":20,"column":null}}},"fnMap":{"0":{"name":"(anonymous_0)","decl":{"start":{"line":1,"column":56},"end":{"line":1,"column":null}},"loc":{"start":{"line":1,"column":56},"end":{"line":1,"column":null}}},"1":{"name":"Home","decl":{"start":{"line":3,"column":9},"end":{"line":3,"column":16}},"loc":{"start":{"line":3,"column":16},"end":{"line":18,"column":1}}}},"branchMap":{"0":{"loc":{"start":{"line":1,"column":56},"end":{"line":1,"column":null}},"type":"if","locations":[{"start":{"line":1,"column":56},"end":{"line":1,"column":null}}]}},"s":{"0":154,"1":36,"2":22,"3":22},"f":{"0":22,"1":36},"b":{"0":[22]}}
,"C:/SADULLO/RS/React-2023-q1/react-components/src/pages/NotFound.tsx": {"path":"C:/SADULLO/RS/React-2023-q1/react-components/src/pages/NotFound.tsx","statementMap":{"0":{"start":{"line":1,"column":20},"end":{"line":1,"column":null}},"1":{"start":{"line":2,"column":2},"end":{"line":8,"column":null}},"2":{"start":{"line":10,"column":1},"end":{"line":1,"column":20}},"3":{"start":{"line":12,"column":24},"end":{"line":12,"column":null}}},"fnMap":{"0":{"name":"(anonymous_0)","decl":{"start":{"line":1,"column":20},"end":{"line":1,"column":null}},"loc":{"start":{"line":1,"column":20},"end":{"line":1,"column":null}}}},"branchMap":{"0":{"loc":{"start":{"line":1,"column":20},"end":{"line":1,"column":null}},"type":"if","locations":[{"start":{"line":1,"column":20},"end":{"line":1,"column":null}}]}},"s":{"0":154,"1":4,"2":22,"3":22},"f":{"0":26},"b":{"0":[22]}}
,"C:/SADULLO/RS/React-2023-q1/react-components/src/pages/OrdersPage.tsx": {"path":"C:/SADULLO/RS/React-2023-q1/react-components/src/pages/OrdersPage.tsx","statementMap":{"0":{"start":{"line":7,"column":22},"end":{"line":7,"column":null}},"1":{"start":{"line":8,"column":17},"end":{"line":8,"column":null}},"2":{"start":{"line":9,"column":2},"end":{"line":25,"column":null}},"3":{"start":{"line":19,"column":16},"end":{"line":19,"column":null}},"4":{"start":{"line":27,"column":1},"end":{"line":8,"column":32}},"5":{"start":{"line":7,"column":19},"end":{"line":8,"column":32}},"6":{"start":{"line":8,"column":31},"end":{"line":7,"column":19}},"7":{"start":{"line":29,"column":26},"end":{"line":29,"column":null}}},"fnMap":{"0":{"name":"OrdersPage","decl":{"start":{"line":7,"column":9},"end":{"line":7,"column":19}},"loc":{"start":{"line":7,"column":22},"end":{"line":27,"column":1}}},"1":{"name":"(anonymous_2)","decl":{"start":{"line":18,"column":26},"end":{"line":18,"column":27}},"loc":{"start":{"line":19,"column":16},"end":{"line":19,"column":null}}},"2":{"name":"(anonymous_3)","decl":{"start":{"line":7,"column":19},"end":{"line":7,"column":22}},"loc":{"start":{"line":7,"column":19},"end":{"line":8,"column":32}}}},"branchMap":{},"s":{"0":8,"1":8,"2":8,"3":4,"4":22,"5":2,"6":22,"7":22},"f":{"0":8,"1":4,"2":2},"b":{}}
,"C:\\SADULLO\\RS\\React-2023-q1\\react-components\\src\\pages\\index.ts": {"path":"C:\\SADULLO\\RS\\React-2023-q1\\react-components\\src\\pages\\index.ts","statementMap":{},"fnMap":{},"branchMap":{},"s":{},"f":{},"b":{},"all":true}
,"C:\\SADULLO\\RS\\React-2023-q1\\react-components\\src\\redux\\apiSlice.ts": {"path":"C:\\SADULLO\\RS\\React-2023-q1\\react-components\\src\\redux\\apiSlice.ts","statementMap":{"0":{"start":{"line":19,"column":19},"end":{"line":19,"column":null}},"1":{"start":{"line":21,"column":24},"end":{"line":42,"column":null}},"2":{"start":{"line":28,"column":27},"end":{"line":41,"column":null}},"3":{"start":{"line":31,"column":8},"end":{"line":34,"column":null}},"4":{"start":{"line":39,"column":21},"end":{"line":39,"column":null}},"5":{"start":{"line":44,"column":59},"end":{"line":44,"column":null}}},"fnMap":{"0":{"name":"(anonymous_0)","decl":{"start":{"line":28,"column":13},"end":{"line":28,"column":14}},"loc":{"start":{"line":28,"column":27},"end":{"line":41,"column":null}}},"1":{"name":"(anonymous_1)","decl":{"start":{"line":30,"column":13},"end":{"line":30,"column":14}},"loc":{"start":{"line":30,"column":22},"end":{"line":35,"column":null}}},"2":{"name":"(anonymous_2)","decl":{"start":{"line":39,"column":13},"end":{"line":39,"column":14}},"loc":{"start":{"line":39,"column":21},"end":{"line":39,"column":null}}}},"branchMap":{},"s":{"0":22,"1":22,"2":22,"3":14,"4":2,"5":22},"f":{"0":22,"1":14,"2":2},"b":{},"all":true}
,"C:\\SADULLO\\RS\\React-2023-q1\\react-components\\src\\redux\\formSlice.ts": {"path":"C:\\SADULLO\\RS\\React-2023-q1\\react-components\\src\\redux\\formSlice.ts","statementMap":{"0":{"start":{"line":10,"column":32},"end":{"line":12,"column":null}},"1":{"start":{"line":14,"column":25},"end":{"line":32,"column":null}},"2":{"start":{"line":20,"column":8},"end":{"line":20,"column":null}},"3":{"start":{"line":23,"column":8},"end":{"line":28,"column":null}},"4":{"start":{"line":34,"column":28},"end":{"line":34,"column":null}},"5":{"start":{"line":36,"column":28},"end":{"line":36,"column":null}},"6":{"start":{"line":36,"column":50},"end":{"line":36,"column":null}}},"fnMap":{"0":{"name":"(anonymous_0)","decl":{"start":{"line":19,"column":6},"end":{"line":19,"column":14}},"loc":{"start":{"line":19,"column":52},"end":{"line":21,"column":null}}},"1":{"name":"(anonymous_1)","decl":{"start":{"line":22,"column":6},"end":{"line":22,"column":14}},"loc":{"start":{"line":22,"column":35},"end":{"line":29,"column":null}}},"2":{"name":"(anonymous_2)","decl":{"start":{"line":36,"column":28},"end":{"line":36,"column":29}},"loc":{"start":{"line":36,"column":50},"end":{"line":36,"column":null}}}},"branchMap":{},"s":{"0":22,"1":22,"2":2,"3":2,"4":22,"5":22,"6":8},"f":{"0":2,"1":2,"2":8},"b":{},"all":true}
,"C:\\SADULLO\\RS\\React-2023-q1\\react-components\\src\\redux\\hooks.ts": {"path":"C:\\SADULLO\\RS\\React-2023-q1\\react-components\\src\\redux\\hooks.ts","statementMap":{"0":{"start":{"line":5,"column":49},"end":{"line":5,"column":null}},"1":{"start":{"line":6,"column":63},"end":{"line":6,"column":null}}},"fnMap":{},"branchMap":{},"s":{"0":22,"1":22},"f":{},"b":{},"all":true}
,"C:\\SADULLO\\RS\\React-2023-q1\\react-components\\src\\redux\\searchSlice.ts": {"path":"C:\\SADULLO\\RS\\React-2023-q1\\react-components\\src\\redux\\searchSlice.ts","statementMap":{"0":{"start":{"line":11,"column":34},"end":{"line":15,"column":null}},"1":{"start":{"line":17,"column":27},"end":{"line":52,"column":null}},"2":{"start":{"line":22,"column":6},"end":{"line":25,"column":null}},"3":{"start":{"line":28,"column":6},"end":{"line":31,"column":null}},"4":{"start":{"line":34,"column":6},"end":{"line":37,"column":null}},"5":{"start":{"line":40,"column":6},"end":{"line":43,"column":null}},"6":{"start":{"line":46,"column":6},"end":{"line":49,"column":null}},"7":{"start":{"line":55,"column":2},"end":{"line":55,"column":null}},"8":{"start":{"line":57,"column":32},"end":{"line":57,"column":null}},"9":{"start":{"line":57,"column":54},"end":{"line":57,"column":null}},"10":{"start":{"line":58,"column":28},"end":{"line":58,"column":null}},"11":{"start":{"line":58,"column":50},"end":{"line":58,"column":null}},"12":{"start":{"line":59,"column":26},"end":{"line":59,"column":null}},"13":{"start":{"line":59,"column":48},"end":{"line":59,"column":null}},"14":{"start":{"line":60,"column":31},"end":{"line":60,"column":null}},"15":{"start":{"line":60,"column":53},"end":{"line":60,"column":null}}},"fnMap":{"0":{"name":"(anonymous_0)","decl":{"start":{"line":21,"column":19},"end":{"line":21,"column":20}},"loc":{"start":{"line":21,"column":61},"end":{"line":26,"column":null}}},"1":{"name":"(anonymous_1)","decl":{"start":{"line":27,"column":15},"end":{"line":27,"column":16}},"loc":{"start":{"line":27,"column":57},"end":{"line":32,"column":null}}},"2":{"name":"(anonymous_2)","decl":{"start":{"line":33,"column":18},"end":{"line":33,"column":19}},"loc":{"start":{"line":33,"column":29},"end":{"line":38,"column":null}}},"3":{"name":"(anonymous_3)","decl":{"start":{"line":39,"column":18},"end":{"line":39,"column":19}},"loc":{"start":{"line":39,"column":29},"end":{"line":44,"column":null}}},"4":{"name":"(anonymous_4)","decl":{"start":{"line":45,"column":15},"end":{"line":45,"column":16}},"loc":{"start":{"line":45,"column":26},"end":{"line":50,"column":null}}},"5":{"name":"(anonymous_5)","decl":{"start":{"line":57,"column":32},"end":{"line":57,"column":33}},"loc":{"start":{"line":57,"column":54},"end":{"line":57,"column":null}}},"6":{"name":"(anonymous_6)","decl":{"start":{"line":58,"column":28},"end":{"line":58,"column":29}},"loc":{"start":{"line":58,"column":50},"end":{"line":58,"column":null}}},"7":{"name":"(anonymous_7)","decl":{"start":{"line":59,"column":26},"end":{"line":59,"column":27}},"loc":{"start":{"line":59,"column":48},"end":{"line":59,"column":null}}},"8":{"name":"(anonymous_8)","decl":{"start":{"line":60,"column":31},"end":{"line":60,"column":32}},"loc":{"start":{"line":60,"column":53},"end":{"line":60,"column":null}}}},"branchMap":{},"s":{"0":22,"1":22,"2":8,"3":2,"4":6,"5":2,"6":6,"7":22,"8":22,"9":150,"10":22,"11":0,"12":22,"13":72,"14":22,"15":220},"f":{"0":8,"1":2,"2":6,"3":2,"4":6,"5":150,"6":0,"7":72,"8":220},"b":{},"all":true}
,"C:\\SADULLO\\RS\\React-2023-q1\\react-components\\src\\redux\\store.ts": {"path":"C:\\SADULLO\\RS\\React-2023-q1\\react-components\\src\\redux\\store.ts","statementMap":{"0":{"start":{"line":6,"column":20},"end":{"line":10,"column":null}},"1":{"start":{"line":11,"column":26},"end":{"line":20,"column":null}},"2":{"start":{"line":12,"column":2},"end":{"line":19,"column":null}},"3":{"start":{"line":15,"column":6},"end":{"line":17,"column":null}}},"fnMap":{"0":{"name":"(anonymous_0)","decl":{"start":{"line":11,"column":26},"end":{"line":11,"column":27}},"loc":{"start":{"line":11,"column":74},"end":{"line":20,"column":null}}},"1":{"name":"(anonymous_1)","decl":{"start":{"line":14,"column":16},"end":{"line":14,"column":17}},"loc":{"start":{"line":15,"column":6},"end":{"line":17,"column":null}}}},"branchMap":{},"s":{"0":22,"1":22,"2":22,"3":22},"f":{"0":22,"1":22},"b":{},"all":true}
,"C:/SADULLO/RS/React-2023-q1/react-components/src/utils/contants.ts": {"path":"C:/SADULLO/RS/React-2023-q1/react-components/src/utils/contants.ts","statementMap":{},"fnMap":{},"branchMap":{},"s":{},"f":{},"b":{}}
,"C:\\SADULLO\\RS\\React-2023-q1\\react-components\\src\\utils\\dateFormatter.ts": {"path":"C:\\SADULLO\\RS\\React-2023-q1\\react-components\\src\\utils\\dateFormatter.ts","statementMap":{"0":{"start":{"line":1,"column":22},"end":{"line":4,"column":null}},"1":{"start":{"line":2,"column":2},"end":{"line":2,"column":null}},"2":{"start":{"line":2,"column":13},"end":{"line":2,"column":null}},"3":{"start":{"line":3,"column":2},"end":{"line":3,"column":null}}},"fnMap":{"0":{"name":"(anonymous_0)","decl":{"start":{"line":1,"column":22},"end":{"line":1,"column":23}},"loc":{"start":{"line":1,"column":47},"end":{"line":4,"column":null}}}},"branchMap":{"0":{"loc":{"start":{"line":2,"column":2},"end":{"line":2,"column":null}},"type":"if","locations":[{"start":{"line":2,"column":2},"end":{"line":2,"column":null}}]}},"s":{"0":22,"1":384,"2":0,"3":384},"f":{"0":384},"b":{"0":[0,0]},"all":true}
,"C:/SADULLO/RS/React-2023-q1/react-components/src/utils/test-utils.tsx": {"path":"C:/SADULLO/RS/React-2023-q1/react-components/src/utils/test-utils.tsx","statementMap":{},"fnMap":{},"branchMap":{},"s":{},"f":{},"b":{}}
}
