TN:
SF:src\App.tsx
FN:1,(anonymous_0)
FN:5,App
FNF:2
FNH:2
FNDA:22,(anonymous_0)
FNDA:44,App
DA:1,154
DA:6,44
DA:17,22
DA:19,22
LF:4
LH:4
BRDA:1,0,0,22
BRF:1
BRH:1
end_of_record
TN:
SF:src\entry-client.tsx
FNF:0
FNH:0
DA:11,22
DA:13,22
DA:15,22
LF:3
LH:3
BRF:0
BRH:0
end_of_record
TN:
SF:src\entry-server.tsx
FNF:0
FNH:0
LF:0
LH:0
BRF:0
BRH:0
end_of_record
TN:
SF:src\setupTests.ts
FNF:0
FNH:0
LF:0
LH:0
BRF:0
BRH:0
end_of_record
TN:
SF:src\components\Confirmation.tsx
FN:1,(anonymous_0)
FNF:1
FNH:1
FNDA:30,(anonymous_0)
DA:1,154
DA:2,8
DA:9,22
DA:11,22
LF:4
LH:4
BRDA:1,0,0,22
BRF:1
BRH:1
end_of_record
TN:
SF:src\components\Header.tsx
FN:1,(anonymous_0)
FN:8,(anonymous_1)
FN:18,Header
FNF:3
FNH:3
FNDA:22,(anonymous_0)
FNDA:156,(anonymous_1)
FNDA:44,Header
DA:1,154
DA:8,22
DA:9,156
DA:10,156
DA:11,48
DA:13,108
DA:15,156
DA:19,44
DA:45,22
DA:47,22
LF:10
LH:10
BRDA:1,0,0,22
BRDA:10,1,0,48
BRDA:10,1,1,108
BRF:3
BRH:3
end_of_record
TN:
SF:src\components\Modal.tsx
FN:10,Modal
FN:13,(anonymous_2)
FN:18,(anonymous_3)
FN:10,(anonymous_4)
FNF:4
FNH:4
FNDA:16,Modal
FNDA:4,(anonymous_2)
FNDA:2,(anonymous_3)
FNDA:2,(anonymous_4)
DA:10,16
DA:11,22
DA:13,16
DA:14,4
DA:15,4
DA:18,16
DA:20,16
DA:21,8
DA:23,8
DA:72,22
DA:74,22
LF:11
LH:11
BRDA:20,0,0,8
BRDA:21,1,0,0
BRF:2
BRH:1
end_of_record
TN:
SF:src\components\Order.tsx
FN:1,(anonymous_0)
FN:7,Order
FNF:2
FNH:2
FNDA:22,(anonymous_0)
FNDA:4,Order
DA:1,154
DA:8,4
DA:9,4
DA:39,22
DA:41,22
LF:5
LH:5
BRDA:1,0,0,22
BRDA:31,1,0,4
BRDA:31,1,1,0
BRF:3
BRH:2
end_of_record
TN:
SF:src\components\Pagination.tsx
FN:8,Pagination
FN:17,(anonymous_2)
FN:28,(anonymous_3)
FN:8,(anonymous_4)
FNF:4
FNH:4
FNDA:36,Pagination
FNDA:2,(anonymous_2)
FNDA:6,(anonymous_3)
FNDA:4,(anonymous_4)
DA:8,36
DA:9,36
DA:10,36
DA:11,36
DA:17,2
DA:28,6
DA:36,22
DA:38,22
LF:8
LH:8
BRDA:16,0,0,20
BRDA:16,0,1,16
BRDA:27,1,0,4
BRDA:27,1,1,32
BRF:4
BRH:4
end_of_record
TN:
SF:src\components\ProductItem.tsx
FN:12,ProductItem
FN:16,(anonymous_2)
FN:22,(anonymous_3)
FN:33,(anonymous_4)
FN:48,(anonymous_5)
FNF:5
FNH:4
FNDA:376,ProductItem
FNDA:356,(anonymous_2)
FNDA:316,(anonymous_3)
FNDA:0,(anonymous_4)
FNDA:4,(anonymous_5)
DA:12,376
DA:13,376
DA:14,376
DA:16,376
DA:17,356
DA:18,4
DA:20,352
DA:22,356
DA:25,376
DA:33,0
DA:48,4
DA:58,22
DA:60,22
LF:13
LH:12
BRDA:17,0,0,4
BRDA:17,0,1,352
BRDA:36,1,0,0
BRDA:36,1,1,376
BRDA:55,2,0,376
BRDA:55,2,1,8
BRF:6
BRH:5
end_of_record
TN:
SF:src\components\Products.tsx
FN:9,Products
FN:40,(anonymous_2)
FN:9,(anonymous_3)
FNF:3
FNH:3
FNDA:116,Products
FNDA:360,(anonymous_2)
FNDA:16,(anonymous_3)
DA:9,116
DA:10,116
DA:12,116
DA:21,116
DA:24,116
DA:25,32
DA:28,116
DA:29,0
DA:30,116
DA:31,40
DA:32,40
DA:40,360
DA:47,116
DA:53,22
DA:55,22
LF:15
LH:14
BRDA:24,0,0,32
BRDA:28,1,0,0
BRDA:28,1,1,116
BRDA:29,2,0,0
BRDA:29,2,1,0
BRDA:30,3,0,40
BRDA:30,4,0,116
BRDA:30,4,1,40
BRDA:35,5,0,4
BRDA:35,5,1,36
BRDA:43,6,0,40
BRDA:43,6,1,36
BRDA:50,7,0,116
BRDA:50,7,1,56
BRF:14
BRH:11
end_of_record
TN:
SF:src\components\Search.tsx
FN:5,Search
FN:13,(anonymous_2)
FN:17,(anonymous_3)
FN:18,(anonymous_4)
FN:26,(anonymous_5)
FN:41,(anonymous_6)
FN:5,(anonymous_7)
FNF:7
FNH:7
FNDA:308,Search
FNDA:166,(anonymous_2)
FNDA:36,(anonymous_3)
FNDA:20,(anonymous_4)
FNDA:6,(anonymous_5)
FNDA:130,(anonymous_6)
FNDA:16,(anonymous_7)
DA:5,308
DA:6,308
DA:7,308
DA:9,308
DA:11,308
DA:13,308
DA:14,166
DA:17,308
DA:18,36
DA:19,20
DA:20,2
DA:26,308
DA:27,6
DA:28,6
DA:29,6
DA:30,6
DA:34,308
DA:41,130
DA:49,22
DA:51,22
LF:20
LH:20
BRDA:19,0,0,2
BRDA:28,1,0,6
BRF:2
BRH:2
end_of_record
TN:
SF:src\components\SortBy.tsx
FN:4,SortBy
FN:13,(anonymous_2)
FN:4,(anonymous_3)
FNF:3
FNH:3
FNDA:36,SortBy
FNDA:2,(anonymous_2)
FNDA:16,(anonymous_3)
DA:4,36
DA:5,36
DA:6,36
DA:13,2
DA:22,22
DA:24,22
LF:6
LH:6
BRF:0
BRH:0
end_of_record
TN:
SF:src\components\Spinner.tsx
FN:1,(anonymous_0)
FNF:1
FNH:1
FNDA:86,(anonymous_0)
DA:1,154
DA:2,64
DA:11,22
DA:13,22
LF:4
LH:4
BRDA:1,0,0,22
BRF:1
BRH:1
end_of_record
TN:
SF:src\components\index.ts
FNF:0
FNH:0
LF:0
LH:0
BRF:0
BRH:0
end_of_record
TN:
SF:src\components\Form\Form.tsx
FN:16,Form
FN:27,(anonymous_2)
FN:33,(anonymous_3)
FN:45,(anonymous_4)
FN:16,(anonymous_5)
FNF:5
FNH:4
FNDA:76,Form
FNDA:8,(anonymous_2)
FNDA:2,(anonymous_3)
FNDA:0,(anonymous_4)
FNDA:2,(anonymous_5)
DA:16,76
DA:17,76
DA:18,76
DA:19,76
DA:25,76
DA:27,76
DA:28,8
DA:29,2
DA:33,76
DA:34,2
DA:36,2
DA:43,2
DA:45,2
DA:46,0
DA:50,76
DA:66,22
DA:68,22
LF:17
LH:16
BRDA:28,0,0,2
BRDA:62,1,0,76
BRDA:62,1,1,8
BRF:3
BRH:3
end_of_record
TN:
SF:src\components\Form\FormComponents\AgreeCheckbox.tsx
FN:3,AgreeCheckbox
FN:3,(anonymous_2)
FNF:2
FNH:2
FNDA:76,AgreeCheckbox
FNDA:2,(anonymous_2)
DA:3,76
DA:7,76
DA:9,76
DA:16,22
DA:18,22
LF:5
LH:5
BRDA:13,0,0,76
BRDA:13,0,1,56
BRF:2
BRH:2
end_of_record
TN:
SF:src\components\Form\FormComponents\CountrySelect.tsx
FN:3,CountrySelect
FN:3,(anonymous_2)
FNF:2
FNH:2
FNDA:76,CountrySelect
FNDA:2,(anonymous_2)
DA:3,76
DA:7,76
DA:9,76
DA:29,22
DA:31,22
LF:5
LH:5
BRDA:26,0,0,76
BRDA:26,0,1,40
BRF:2
BRH:2
end_of_record
TN:
SF:src\components\Form\FormComponents\DateInput.tsx
FN:3,(anonymous_1)
FN:10,DateInput
FN:22,(anonymous_3)
FN:10,(anonymous_4)
FNF:4
FNH:4
FNDA:4,(anonymous_1)
FNDA:76,DateInput
FNDA:4,(anonymous_3)
FNDA:2,(anonymous_4)
DA:3,22
DA:4,4
DA:5,4
DA:7,4
DA:10,76
DA:14,76
DA:16,76
DA:22,4
DA:33,22
DA:35,22
LF:10
LH:10
BRDA:25,0,0,76
BRDA:25,0,1,44
BRDA:28,1,0,76
BRDA:28,1,1,0
BRF:4
BRH:3
end_of_record
TN:
SF:src\components\Form\FormComponents\FileInput.tsx
FN:3,FileInput
FN:3,(anonymous_2)
FNF:2
FNH:2
FNDA:76,FileInput
FNDA:2,(anonymous_2)
DA:3,76
DA:7,76
DA:9,76
DA:21,22
DA:23,22
LF:5
LH:5
BRDA:18,0,0,76
BRDA:18,0,1,48
BRF:2
BRH:2
end_of_record
TN:
SF:src\components\Form\FormComponents\NameInput.tsx
FN:3,NameInput
FN:3,(anonymous_2)
FNF:2
FNH:2
FNDA:76,NameInput
FNDA:2,(anonymous_2)
DA:3,76
DA:7,76
DA:9,76
DA:25,22
DA:27,22
LF:5
LH:5
BRDA:18,0,0,76
BRDA:18,0,1,12
BRDA:19,1,0,76
BRDA:19,1,1,8
BRDA:22,2,0,76
BRDA:22,2,1,16
BRF:6
BRH:6
end_of_record
TN:
SF:src\components\Form\FormComponents\PaymentRadio.tsx
FN:3,PaymentRadio
FN:3,(anonymous_2)
FNF:2
FNH:2
FNDA:76,PaymentRadio
FNDA:2,(anonymous_2)
DA:3,76
DA:7,76
DA:9,76
DA:34,22
DA:36,22
LF:5
LH:5
BRDA:31,0,0,76
BRDA:31,0,1,52
BRF:2
BRH:2
end_of_record
TN:
SF:src\components\Form\FormComponents\index.ts
FNF:0
FNH:0
LF:0
LH:0
BRF:0
BRH:0
end_of_record
TN:
SF:src\pages\About.tsx
FN:1,(anonymous_0)
FNF:1
FNH:1
FNDA:30,(anonymous_0)
DA:1,154
DA:2,8
DA:11,22
DA:13,22
LF:4
LH:4
BRDA:1,0,0,22
BRF:1
BRH:1
end_of_record
TN:
SF:src\pages\Home.tsx
FN:1,(anonymous_0)
FN:3,Home
FNF:2
FNH:2
FNDA:22,(anonymous_0)
FNDA:36,Home
DA:1,154
DA:4,36
DA:18,22
DA:20,22
LF:4
LH:4
BRDA:1,0,0,22
BRF:1
BRH:1
end_of_record
TN:
SF:src\pages\NotFound.tsx
FN:1,(anonymous_0)
FNF:1
FNH:1
FNDA:26,(anonymous_0)
DA:1,154
DA:2,4
DA:10,22
DA:12,22
LF:4
LH:4
BRDA:1,0,0,22
BRF:1
BRH:1
end_of_record
TN:
SF:src\pages\OrdersPage.tsx
FN:7,OrdersPage
FN:18,(anonymous_2)
FN:7,(anonymous_3)
FNF:3
FNH:3
FNDA:8,OrdersPage
FNDA:4,(anonymous_2)
FNDA:2,(anonymous_3)
DA:7,8
DA:8,22
DA:9,8
DA:19,4
DA:27,22
DA:29,22
LF:6
LH:6
BRF:0
BRH:0
end_of_record
TN:
SF:src\pages\index.ts
FNF:0
FNH:0
LF:0
LH:0
BRF:0
BRH:0
end_of_record
TN:
SF:src\redux\apiSlice.ts
FN:28,(anonymous_0)
FN:30,(anonymous_1)
FN:39,(anonymous_2)
FNF:3
FNH:3
FNDA:22,(anonymous_0)
FNDA:14,(anonymous_1)
FNDA:2,(anonymous_2)
DA:19,22
DA:21,22
DA:28,22
DA:31,14
DA:39,2
DA:44,22
LF:6
LH:6
BRF:0
BRH:0
end_of_record
TN:
SF:src\redux\formSlice.ts
FN:19,(anonymous_0)
FN:22,(anonymous_1)
FN:36,(anonymous_2)
FNF:3
FNH:3
FNDA:2,(anonymous_0)
FNDA:2,(anonymous_1)
FNDA:8,(anonymous_2)
DA:10,22
DA:14,22
DA:20,2
DA:23,2
DA:34,22
DA:36,22
LF:6
LH:6
BRF:0
BRH:0
end_of_record
TN:
SF:src\redux\hooks.ts
FNF:0
FNH:0
DA:5,22
DA:6,22
LF:2
LH:2
BRF:0
BRH:0
end_of_record
TN:
SF:src\redux\searchSlice.ts
FN:21,(anonymous_0)
FN:27,(anonymous_1)
FN:33,(anonymous_2)
FN:39,(anonymous_3)
FN:45,(anonymous_4)
FN:57,(anonymous_5)
FN:58,(anonymous_6)
FN:59,(anonymous_7)
FN:60,(anonymous_8)
FNF:9
FNH:8
FNDA:8,(anonymous_0)
FNDA:2,(anonymous_1)
FNDA:6,(anonymous_2)
FNDA:2,(anonymous_3)
FNDA:6,(anonymous_4)
FNDA:150,(anonymous_5)
FNDA:0,(anonymous_6)
FNDA:72,(anonymous_7)
FNDA:220,(anonymous_8)
DA:11,22
DA:17,22
DA:22,8
DA:28,2
DA:34,6
DA:40,2
DA:46,6
DA:55,22
DA:57,150
DA:58,22
DA:59,72
DA:60,220
LF:12
LH:12
BRF:0
BRH:0
end_of_record
TN:
SF:src\redux\store.ts
FN:11,(anonymous_0)
FN:14,(anonymous_1)
FNF:2
FNH:2
FNDA:22,(anonymous_0)
FNDA:22,(anonymous_1)
DA:6,22
DA:11,22
DA:12,22
DA:15,22
LF:4
LH:4
BRF:0
BRH:0
end_of_record
TN:
SF:src\utils\contants.ts
FNF:0
FNH:0
LF:0
LH:0
BRF:0
BRH:0
end_of_record
TN:
SF:src\utils\dateFormatter.ts
FN:1,(anonymous_0)
FNF:1
FNH:1
FNDA:384,(anonymous_0)
DA:1,22
DA:2,384
DA:3,384
LF:3
LH:3
BRDA:2,0,0,0
BRDA:2,0,1,0
BRF:2
BRH:0
end_of_record
TN:
SF:src\utils\test-utils.tsx
FNF:0
FNH:0
LF:0
LH:0
BRF:0
BRH:0
end_of_record
